{"/home/travis/build/npmtest/node-npmtest-servicebus/test.js":{"path":"/home/travis/build/npmtest/node-npmtest-servicebus/test.js","s":{"1":2,"2":2,"3":2,"4":2,"5":2,"6":2,"7":2,"8":1,"9":2,"10":2,"11":1,"12":1,"13":1,"14":1,"15":2,"16":2,"17":2,"18":2,"19":1,"20":1,"21":2,"22":2,"23":2,"24":1,"25":1,"26":1,"27":1,"28":1,"29":1,"30":1,"31":1,"32":1,"33":1,"34":1,"35":1,"36":1,"37":1,"38":1,"39":2,"40":2,"41":1,"42":2,"43":2,"44":1,"45":2,"46":2,"47":1,"48":2,"49":2,"50":1,"51":1,"52":1,"53":1,"54":1},"b":{"1":[2,1,1,1],"2":[1,1,1,1],"3":[1,1],"4":[1,1],"5":[1,1],"6":[1,1],"7":[1,1],"8":[1,1],"9":[1,1],"10":[1,1,1],"11":[1,1],"12":[1,1],"13":[1,1],"14":[1,1],"15":[1,1],"16":[1,1],"17":[1,1]},"f":{"1":2,"2":2,"3":2,"4":2,"5":2,"6":1,"7":1,"8":1,"9":2,"10":2,"11":2,"12":2,"13":1},"fnMap":{"1":{"name":"(anonymous_1)","line":12,"loc":{"start":{"line":12,"column":1},"end":{"line":12,"column":13}}},"2":{"name":"(anonymous_2)","line":19,"loc":{"start":{"line":19,"column":5},"end":{"line":19,"column":17}}},"3":{"name":"(anonymous_3)","line":23,"loc":{"start":{"line":23,"column":24},"end":{"line":23,"column":36}}},"4":{"name":"(anonymous_4)","line":61,"loc":{"start":{"line":61,"column":5},"end":{"line":61,"column":17}}},"5":{"name":"(anonymous_5)","line":82,"loc":{"start":{"line":82,"column":5},"end":{"line":82,"column":17}}},"6":{"name":"(anonymous_6)","line":91,"loc":{"start":{"line":91,"column":77},"end":{"line":94,"column":10}}},"7":{"name":"(anonymous_7)","line":112,"loc":{"start":{"line":112,"column":83},"end":{"line":115,"column":10}},"skip":true},"8":{"name":"(anonymous_8)","line":123,"loc":{"start":{"line":123,"column":77},"end":{"line":126,"column":10}},"skip":true},"9":{"name":"(anonymous_9)","line":139,"loc":{"start":{"line":139,"column":12},"end":{"line":139,"column":40}},"skip":true},"10":{"name":"(anonymous_10)","line":147,"loc":{"start":{"line":147,"column":77},"end":{"line":150,"column":10}},"skip":true},"11":{"name":"(anonymous_11)","line":158,"loc":{"start":{"line":158,"column":83},"end":{"line":161,"column":10}},"skip":true},"12":{"name":"(anonymous_12)","line":169,"loc":{"start":{"line":169,"column":79},"end":{"line":172,"column":10}},"skip":true},"13":{"name":"(anonymous_13)","line":180,"loc":{"start":{"line":180,"column":75},"end":{"line":183,"column":10}},"skip":true}},"statementMap":{"1":{"start":{"line":12,"column":0},"end":{"line":195,"column":5}},"2":{"start":{"line":14,"column":4},"end":{"line":14,"column":14}},"3":{"start":{"line":19,"column":4},"end":{"line":56,"column":9}},"4":{"start":{"line":21,"column":8},"end":{"line":21,"column":19}},"5":{"start":{"line":23,"column":8},"end":{"line":35,"column":13}},"6":{"start":{"line":24,"column":12},"end":{"line":34,"column":13}},"7":{"start":{"line":25,"column":16},"end":{"line":28,"column":30}},"8":{"start":{"line":30,"column":16},"end":{"line":33,"column":27}},"9":{"start":{"line":37,"column":8},"end":{"line":39,"column":21}},"10":{"start":{"line":40,"column":8},"end":{"line":53,"column":9}},"11":{"start":{"line":43,"column":12},"end":{"line":46,"column":14}},"12":{"start":{"line":47,"column":12},"end":{"line":47,"column":18}},"13":{"start":{"line":50,"column":12},"end":{"line":51,"column":46}},"14":{"start":{"line":52,"column":12},"end":{"line":52,"column":18}},"15":{"start":{"line":55,"column":8},"end":{"line":55,"column":35}},"16":{"start":{"line":61,"column":4},"end":{"line":63,"column":9}},"17":{"start":{"line":62,"column":8},"end":{"line":62,"column":15}},"18":{"start":{"line":64,"column":4},"end":{"line":77,"column":5}},"19":{"start":{"line":70,"column":8},"end":{"line":70,"column":14}},"20":{"start":{"line":76,"column":8},"end":{"line":76,"column":14}},"21":{"start":{"line":82,"column":4},"end":{"line":84,"column":9}},"22":{"start":{"line":83,"column":8},"end":{"line":83,"column":15}},"23":{"start":{"line":85,"column":4},"end":{"line":194,"column":5}},"24":{"start":{"line":91,"column":8},"end":{"line":99,"column":10}},"25":{"start":{"line":98,"column":12},"end":{"line":98,"column":35}},"26":{"start":{"line":102,"column":8},"end":{"line":104,"column":63}},"27":{"start":{"line":105,"column":8},"end":{"line":105,"column":14}},"28":{"start":{"line":112,"column":8},"end":{"line":121,"column":10},"skip":true},"29":{"start":{"line":119,"column":12},"end":{"line":119,"column":55},"skip":true},"30":{"start":{"line":120,"column":12},"end":{"line":120,"column":48},"skip":true},"31":{"start":{"line":123,"column":8},"end":{"line":136,"column":10},"skip":true},"32":{"start":{"line":130,"column":12},"end":{"line":130,"column":76},"skip":true},"33":{"start":{"line":131,"column":12},"end":{"line":131,"column":73},"skip":true},"34":{"start":{"line":132,"column":12},"end":{"line":132,"column":74},"skip":true},"35":{"start":{"line":133,"column":12},"end":{"line":133,"column":79},"skip":true},"36":{"start":{"line":134,"column":12},"end":{"line":134,"column":25},"skip":true},"37":{"start":{"line":135,"column":12},"end":{"line":135,"column":45},"skip":true},"38":{"start":{"line":138,"column":8},"end":{"line":145,"column":14},"skip":true},"39":{"start":{"line":143,"column":16},"end":{"line":143,"column":29},"skip":true},"40":{"start":{"line":144,"column":16},"end":{"line":144,"column":55},"skip":true},"41":{"start":{"line":147,"column":8},"end":{"line":156,"column":10},"skip":true},"42":{"start":{"line":154,"column":12},"end":{"line":154,"column":25},"skip":true},"43":{"start":{"line":155,"column":12},"end":{"line":155,"column":45},"skip":true},"44":{"start":{"line":158,"column":8},"end":{"line":167,"column":10},"skip":true},"45":{"start":{"line":165,"column":12},"end":{"line":165,"column":25},"skip":true},"46":{"start":{"line":166,"column":12},"end":{"line":166,"column":48},"skip":true},"47":{"start":{"line":169,"column":8},"end":{"line":178,"column":10},"skip":true},"48":{"start":{"line":176,"column":12},"end":{"line":176,"column":25},"skip":true},"49":{"start":{"line":177,"column":12},"end":{"line":177,"column":46},"skip":true},"50":{"start":{"line":180,"column":8},"end":{"line":189,"column":10},"skip":true},"51":{"start":{"line":187,"column":12},"end":{"line":187,"column":94},"skip":true},"52":{"start":{"line":188,"column":12},"end":{"line":188,"column":48},"skip":true},"53":{"start":{"line":192,"column":8},"end":{"line":192,"column":35},"skip":true},"54":{"start":{"line":193,"column":8},"end":{"line":193,"column":14},"skip":true}},"branchMap":{"1":{"line":25,"type":"binary-expr","locations":[{"start":{"line":25,"column":23},"end":{"line":25,"column":62}},{"start":{"line":26,"column":20},"end":{"line":26,"column":70}},{"start":{"line":27,"column":20},"end":{"line":27,"column":71}},{"start":{"line":28,"column":20},"end":{"line":28,"column":29}}]},"2":{"line":30,"type":"binary-expr","locations":[{"start":{"line":30,"column":23},"end":{"line":30,"column":37}},{"start":{"line":31,"column":20},"end":{"line":31,"column":61}},{"start":{"line":32,"column":20},"end":{"line":32,"column":70}},{"start":{"line":33,"column":20},"end":{"line":33,"column":26}}]},"3":{"line":37,"type":"cond-expr","locations":[{"start":{"line":38,"column":14},"end":{"line":38,"column":20}},{"start":{"line":39,"column":14},"end":{"line":39,"column":20}}]},"4":{"line":40,"type":"switch","locations":[{"start":{"line":42,"column":8},"end":{"line":47,"column":18}},{"start":{"line":49,"column":8},"end":{"line":52,"column":18}}]},"5":{"line":44,"type":"binary-expr","locations":[{"start":{"line":44,"column":16},"end":{"line":44,"column":44}},{"start":{"line":44,"column":48},"end":{"line":44,"column":66}}]},"6":{"line":50,"type":"binary-expr","locations":[{"start":{"line":50,"column":21},"end":{"line":50,"column":49}},{"start":{"line":50,"column":53},"end":{"line":50,"column":72}}]},"7":{"line":64,"type":"switch","locations":[{"start":{"line":69,"column":4},"end":{"line":70,"column":14}},{"start":{"line":75,"column":4},"end":{"line":76,"column":14}}]},"8":{"line":85,"type":"switch","locations":[{"start":{"line":90,"column":4},"end":{"line":105,"column":14}},{"start":{"line":111,"column":4},"end":{"line":193,"column":14},"skip":true}]},"9":{"line":91,"type":"binary-expr","locations":[{"start":{"line":91,"column":42},"end":{"line":91,"column":73}},{"start":{"line":91,"column":77},"end":{"line":99,"column":9}}]},"10":{"line":102,"type":"binary-expr","locations":[{"start":{"line":102,"column":18},"end":{"line":102,"column":32}},{"start":{"line":103,"column":12},"end":{"line":103,"column":53}},{"start":{"line":104,"column":12},"end":{"line":104,"column":61}}]},"11":{"line":112,"type":"binary-expr","locations":[{"start":{"line":112,"column":45},"end":{"line":112,"column":79},"skip":true},{"start":{"line":112,"column":83},"end":{"line":121,"column":9},"skip":true}]},"12":{"line":123,"type":"binary-expr","locations":[{"start":{"line":123,"column":42},"end":{"line":123,"column":73},"skip":true},{"start":{"line":123,"column":77},"end":{"line":136,"column":9},"skip":true}]},"13":{"line":138,"type":"binary-expr","locations":[{"start":{"line":138,"column":48},"end":{"line":138,"column":85},"skip":true},{"start":{"line":139,"column":12},"end":{"line":145,"column":13},"skip":true}]},"14":{"line":147,"type":"binary-expr","locations":[{"start":{"line":147,"column":42},"end":{"line":147,"column":73},"skip":true},{"start":{"line":147,"column":77},"end":{"line":156,"column":9},"skip":true}]},"15":{"line":158,"type":"binary-expr","locations":[{"start":{"line":158,"column":45},"end":{"line":158,"column":79},"skip":true},{"start":{"line":158,"column":83},"end":{"line":167,"column":9},"skip":true}]},"16":{"line":169,"type":"binary-expr","locations":[{"start":{"line":169,"column":43},"end":{"line":169,"column":75},"skip":true},{"start":{"line":169,"column":79},"end":{"line":178,"column":9},"skip":true}]},"17":{"line":180,"type":"binary-expr","locations":[{"start":{"line":180,"column":41},"end":{"line":180,"column":71},"skip":true},{"start":{"line":180,"column":75},"end":{"line":189,"column":9},"skip":true}]}},"code":["/* istanbul instrument in package npmtest_servicebus */","/*jslint","    bitwise: true,","    browser: true,","    maxerr: 8,","    maxlen: 96,","    node: true,","    nomen: true,","    regexp: true,","    stupid: true","*/","(function () {","    'use strict';","    var local;","","","","    // run shared js-env code - pre-init","    (function () {","        // init local","        local = {};","        // init modeJs","        local.modeJs = (function () {","            try {","                return typeof navigator.userAgent === 'string' &&","                    typeof document.querySelector('body') === 'object' &&","                    typeof XMLHttpRequest.prototype.open === 'function' &&","                    'browser';","            } catch (errorCaughtBrowser) {","                return module.exports &&","                    typeof process.versions.node === 'string' &&","                    typeof require('http').createServer === 'function' &&","                    'node';","            }","        }());","        // init global","        local.global = local.modeJs === 'browser'","            ? window","            : global;","        switch (local.modeJs) {","        // re-init local from window.local","        case 'browser':","            local = local.global.utility2.objectSetDefault(","                local.global.utility2_rollup || local.global.local,","                local.global.utility2","            );","            break;","        // re-init local from example.js","        case 'node':","            local = (local.global.utility2_rollup || require('utility2'))","                .requireExampleJsFromReadme();","            break;","        }","        // export local","        local.global.local = local;","    }());","","","","    // run shared js-env code - function","    (function () {","        return;","    }());","    switch (local.modeJs) {","","","","    // run browser js-env code - function","    case 'browser':","        break;","","","","    // run node js-env code - function","    case 'node':","        break;","    }","","","","    // run shared js-env code - post-init","    (function () {","        return;","    }());","    switch (local.modeJs) {","","","","    // run browser js-env code - post-init","    case 'browser':","        local.testCase_browser_nullCase = local.testCase_browser_nullCase || function (","            options,","            onError","        ) {","        /*","         * this function will test browsers's null-case handling-behavior-behavior","         */","            onError(null, options);","        };","","        // run tests","        local.nop(local.modeTest &&","            document.querySelector('#testRunButton1') &&","            document.querySelector('#testRunButton1').click());","        break;","","","","    // run node js-env code - post-init","    /* istanbul ignore next */","    case 'node':","        local.testCase_buildApidoc_default = local.testCase_buildApidoc_default || function (","            options,","            onError","        ) {","        /*","         * this function will test buildApidoc's default handling-behavior-behavior","         */","            options = { modulePathList: module.paths };","            local.buildApidoc(options, onError);","        };","","        local.testCase_buildApp_default = local.testCase_buildApp_default || function (","            options,","            onError","        ) {","        /*","         * this function will test buildApp's default handling-behavior-behavior","         */","            local.testCase_buildReadme_default(options, local.onErrorThrow);","            local.testCase_buildLib_default(options, local.onErrorThrow);","            local.testCase_buildTest_default(options, local.onErrorThrow);","            local.testCase_buildCustomOrg_default(options, local.onErrorThrow);","            options = [];","            local.buildApp(options, onError);","        };","","        local.testCase_buildCustomOrg_default = local.testCase_buildCustomOrg_default ||","            function (options, onError) {","            /*","             * this function will test buildCustomOrg's default handling-behavior","             */","                options = {};","                local.buildCustomOrg(options, onError);","            };","","        local.testCase_buildLib_default = local.testCase_buildLib_default || function (","            options,","            onError","        ) {","        /*","         * this function will test buildLib's default handling-behavior","         */","            options = {};","            local.buildLib(options, onError);","        };","","        local.testCase_buildReadme_default = local.testCase_buildReadme_default || function (","            options,","            onError","        ) {","        /*","         * this function will test buildReadme's default handling-behavior-behavior","         */","            options = {};","            local.buildReadme(options, onError);","        };","","        local.testCase_buildTest_default = local.testCase_buildTest_default || function (","            options,","            onError","        ) {","        /*","         * this function will test buildTest's default handling-behavior","         */","            options = {};","            local.buildTest(options, onError);","        };","","        local.testCase_webpage_default = local.testCase_webpage_default || function (","            options,","            onError","        ) {","        /*","         * this function will test webpage's default handling-behavior","         */","            options = { modeCoverageMerge: true, url: local.serverLocalHost + '?modeTest=1' };","            local.browserTest(options, onError);","        };","","        // run test-server","        local.testRunServer(local);","        break;","    }","}());",""],"l":{"12":2,"14":2,"19":2,"21":2,"23":2,"24":2,"25":2,"30":1,"37":2,"40":2,"43":1,"47":1,"50":1,"52":1,"55":2,"61":2,"62":2,"64":2,"70":1,"76":1,"82":2,"83":2,"85":2,"91":1,"98":1,"102":1,"105":1,"112":1,"119":1,"120":1,"123":1,"130":1,"131":1,"132":1,"133":1,"134":1,"135":1,"138":1,"143":2,"144":2,"147":1,"154":2,"155":2,"158":1,"165":2,"166":2,"169":1,"176":2,"177":2,"180":1,"187":1,"188":1,"192":1,"193":1}},"/home/travis/build/npmtest/node-npmtest-servicebus/lib.npmtest_servicebus.js":{"path":"/home/travis/build/npmtest/node-npmtest-servicebus/lib.npmtest_servicebus.js","s":{"1":2,"2":2,"3":2,"4":2,"5":2,"6":2,"7":2,"8":1,"9":2,"10":2,"11":2,"12":2,"13":1,"14":1,"15":1,"16":1},"b":{"1":[2,1,1,1],"2":[1,1,1,1],"3":[1,1],"4":[2,2],"5":[1,1]},"f":{"1":2,"2":2,"3":2},"fnMap":{"1":{"name":"(anonymous_1)","line":12,"loc":{"start":{"line":12,"column":1},"end":{"line":12,"column":13}}},"2":{"name":"(anonymous_2)","line":19,"loc":{"start":{"line":19,"column":5},"end":{"line":19,"column":17}}},"3":{"name":"(anonymous_3)","line":23,"loc":{"start":{"line":23,"column":24},"end":{"line":23,"column":36}}}},"statementMap":{"1":{"start":{"line":12,"column":0},"end":{"line":53,"column":5}},"2":{"start":{"line":14,"column":4},"end":{"line":14,"column":14}},"3":{"start":{"line":19,"column":4},"end":{"line":52,"column":9}},"4":{"start":{"line":21,"column":8},"end":{"line":21,"column":19}},"5":{"start":{"line":23,"column":8},"end":{"line":35,"column":13}},"6":{"start":{"line":24,"column":12},"end":{"line":34,"column":13}},"7":{"start":{"line":25,"column":16},"end":{"line":28,"column":30}},"8":{"start":{"line":30,"column":16},"end":{"line":33,"column":27}},"9":{"start":{"line":37,"column":8},"end":{"line":39,"column":21}},"10":{"start":{"line":41,"column":8},"end":{"line":41,"column":54}},"11":{"start":{"line":43,"column":8},"end":{"line":43,"column":55}},"12":{"start":{"line":45,"column":8},"end":{"line":51,"column":9}},"13":{"start":{"line":46,"column":12},"end":{"line":46,"column":61}},"14":{"start":{"line":48,"column":12},"end":{"line":48,"column":35}},"15":{"start":{"line":49,"column":12},"end":{"line":49,"column":49}},"16":{"start":{"line":50,"column":12},"end":{"line":50,"column":43}}},"branchMap":{"1":{"line":25,"type":"binary-expr","locations":[{"start":{"line":25,"column":23},"end":{"line":25,"column":62}},{"start":{"line":26,"column":20},"end":{"line":26,"column":70}},{"start":{"line":27,"column":20},"end":{"line":27,"column":71}},{"start":{"line":28,"column":20},"end":{"line":28,"column":29}}]},"2":{"line":30,"type":"binary-expr","locations":[{"start":{"line":30,"column":23},"end":{"line":30,"column":37}},{"start":{"line":31,"column":20},"end":{"line":31,"column":61}},{"start":{"line":32,"column":20},"end":{"line":32,"column":70}},{"start":{"line":33,"column":20},"end":{"line":33,"column":26}}]},"3":{"line":37,"type":"cond-expr","locations":[{"start":{"line":38,"column":14},"end":{"line":38,"column":20}},{"start":{"line":39,"column":14},"end":{"line":39,"column":20}}]},"4":{"line":41,"type":"binary-expr","locations":[{"start":{"line":41,"column":16},"end":{"line":41,"column":44}},{"start":{"line":41,"column":48},"end":{"line":41,"column":53}}]},"5":{"line":45,"type":"if","locations":[{"start":{"line":45,"column":8},"end":{"line":45,"column":8}},{"start":{"line":45,"column":8},"end":{"line":45,"column":8}}]}},"code":["/* istanbul instrument in package npmtest_servicebus */","/*jslint","    bitwise: true,","    browser: true,","    maxerr: 8,","    maxlen: 96,","    node: true,","    nomen: true,","    regexp: true,","    stupid: true","*/","(function () {","    'use strict';","    var local;","","","","    // run shared js-env code - pre-init","    (function () {","        // init local","        local = {};","        // init modeJs","        local.modeJs = (function () {","            try {","                return typeof navigator.userAgent === 'string' &&","                    typeof document.querySelector('body') === 'object' &&","                    typeof XMLHttpRequest.prototype.open === 'function' &&","                    'browser';","            } catch (errorCaughtBrowser) {","                return module.exports &&","                    typeof process.versions.node === 'string' &&","                    typeof require('http').createServer === 'function' &&","                    'node';","            }","        }());","        // init global","        local.global = local.modeJs === 'browser'","            ? window","            : global;","        // init utility2_rollup","        local = local.global.utility2_rollup || local;","        // init lib","        local.local = local.npmtest_servicebus = local;","        // init exports","        if (local.modeJs === 'browser') {","            local.global.utility2_npmtest_servicebus = local;","        } else {","            module.exports = local;","            module.exports.__dirname = __dirname;","            module.exports.module = module;","        }","    }());","}());",""],"l":{"12":2,"14":2,"19":2,"21":2,"23":2,"24":2,"25":2,"30":1,"37":2,"41":2,"43":2,"45":2,"46":1,"48":1,"49":1,"50":1}},"/home/travis/build/npmtest/node-npmtest-servicebus/example.js":{"path":"/home/travis/build/npmtest/node-npmtest-servicebus/example.js","s":{"1":2,"2":2,"3":2,"4":2,"5":2,"6":2,"7":2,"8":1,"9":2,"10":2,"11":2,"12":2,"13":1,"14":2,"15":2,"16":2,"17":2,"18":2,"19":0,"20":2,"21":1,"22":1,"23":1,"24":1,"25":1,"26":0,"27":0,"28":1,"29":1,"30":2,"31":0,"32":0,"33":0,"34":1,"35":2,"36":2,"37":3,"38":3,"39":3,"40":3,"41":0,"42":3,"43":3,"44":3,"45":1,"46":3,"47":1,"48":1,"49":1,"50":1,"51":1,"52":1,"53":1,"54":1,"55":1,"56":1,"57":0,"58":1,"59":6,"60":6,"61":1,"62":2,"63":0,"64":2,"65":1,"66":1,"67":0,"68":0,"69":0,"70":0,"71":0,"72":0,"73":0,"74":0,"75":0,"76":0,"77":0,"78":0,"79":0,"80":0,"81":0,"82":0,"83":0},"b":{"1":[2,1,1,1],"2":[1,1,1,1],"3":[1,1],"4":[2,2],"5":[1,1],"6":[1,1],"7":[2,0],"8":[2,1,1,1,1,1],"9":[0,2,0],"10":[1,1],"11":[2,1,1],"12":[1,0],"13":[0,2],"14":[2,0,0,0,0,0,0],"15":[0,3],"16":[3,0],"17":[1,1],"18":[0,1],"19":[1,2,0,2],"20":[1,0],"21":[1,1],"22":[0,0],"23":[0,0],"24":[0,0],"25":[0,0],"26":[0,0],"27":[0,0],"28":[0,0]},"f":{"1":2,"2":2,"3":2,"4":2,"5":2,"6":2,"7":3,"8":3,"9":3,"10":1,"11":6,"12":0},"fnMap":{"1":{"name":"(anonymous_1)","line":26,"loc":{"start":{"line":26,"column":1},"end":{"line":26,"column":13}}},"2":{"name":"(anonymous_2)","line":33,"loc":{"start":{"line":33,"column":5},"end":{"line":33,"column":17}}},"3":{"name":"(anonymous_3)","line":37,"loc":{"start":{"line":37,"column":24},"end":{"line":37,"column":36}}},"4":{"name":"(anonymous_4)","line":69,"loc":{"start":{"line":69,"column":31},"end":{"line":69,"column":48}},"skip":true},"5":{"name":"(anonymous_5)","line":78,"loc":{"start":{"line":78,"column":26},"end":{"line":78,"column":45}},"skip":true},"6":{"name":"(anonymous_6)","line":123,"loc":{"start":{"line":123,"column":33},"end":{"line":123,"column":48}},"skip":true},"7":{"name":"(anonymous_7)","line":125,"loc":{"start":{"line":125,"column":27},"end":{"line":125,"column":39}},"skip":true},"8":{"name":"(anonymous_8)","line":133,"loc":{"start":{"line":133,"column":59},"end":{"line":133,"column":74}},"skip":true},"9":{"name":"(anonymous_9)","line":143,"loc":{"start":{"line":143,"column":45},"end":{"line":143,"column":62}},"skip":true},"10":{"name":"(anonymous_10)","line":144,"loc":{"start":{"line":144,"column":73},"end":{"line":144,"column":92}},"skip":true},"11":{"name":"(anonymous_11)","line":272,"loc":{"start":{"line":272,"column":51},"end":{"line":272,"column":77}},"skip":true},"12":{"name":"(anonymous_12)","line":315,"loc":{"start":{"line":315,"column":32},"end":{"line":315,"column":61}},"skip":true}},"statementMap":{"1":{"start":{"line":26,"column":0},"end":{"line":326,"column":5}},"2":{"start":{"line":28,"column":4},"end":{"line":28,"column":14}},"3":{"start":{"line":33,"column":4},"end":{"line":60,"column":9}},"4":{"start":{"line":35,"column":8},"end":{"line":35,"column":19}},"5":{"start":{"line":37,"column":8},"end":{"line":49,"column":13}},"6":{"start":{"line":38,"column":12},"end":{"line":48,"column":13}},"7":{"start":{"line":39,"column":16},"end":{"line":42,"column":30}},"8":{"start":{"line":44,"column":16},"end":{"line":47,"column":27}},"9":{"start":{"line":51,"column":8},"end":{"line":53,"column":21}},"10":{"start":{"line":55,"column":8},"end":{"line":57,"column":45}},"11":{"start":{"line":59,"column":8},"end":{"line":59,"column":35}},"12":{"start":{"line":61,"column":4},"end":{"line":325,"column":5}},"13":{"start":{"line":69,"column":8},"end":{"line":121,"column":10},"skip":true},"14":{"start":{"line":70,"column":12},"end":{"line":88,"column":13},"skip":true},"15":{"start":{"line":76,"column":16},"end":{"line":87,"column":19},"skip":true},"16":{"start":{"line":79,"column":20},"end":{"line":86,"column":21},"skip":true},"17":{"start":{"line":82,"column":24},"end":{"line":82,"column":43},"skip":true},"18":{"start":{"line":83,"column":24},"end":{"line":83,"column":30},"skip":true},"19":{"start":{"line":85,"column":24},"end":{"line":85,"column":49},"skip":true},"20":{"start":{"line":89,"column":12},"end":{"line":107,"column":13},"skip":true},"21":{"start":{"line":92,"column":16},"end":{"line":102,"column":17},"skip":true},"22":{"start":{"line":93,"column":20},"end":{"line":93,"column":86},"skip":true},"23":{"start":{"line":94,"column":20},"end":{"line":95,"column":45},"skip":true},"24":{"start":{"line":96,"column":20},"end":{"line":96,"column":42},"skip":true},"25":{"start":{"line":97,"column":20},"end":{"line":97,"column":48},"skip":true},"26":{"start":{"line":100,"column":20},"end":{"line":100,"column":85},"skip":true},"27":{"start":{"line":101,"column":20},"end":{"line":101,"column":96},"skip":true},"28":{"start":{"line":103,"column":16},"end":{"line":103,"column":22},"skip":true},"29":{"start":{"line":106,"column":16},"end":{"line":106,"column":22},"skip":true},"30":{"start":{"line":108,"column":12},"end":{"line":120,"column":13},"skip":true},"31":{"start":{"line":114,"column":16},"end":{"line":119,"column":17},"skip":true},"32":{"start":{"line":116,"column":20},"end":{"line":116,"column":78},"skip":true},"33":{"start":{"line":118,"column":20},"end":{"line":118,"column":47},"skip":true},"34":{"start":{"line":123,"column":8},"end":{"line":141,"column":11},"skip":true},"35":{"start":{"line":124,"column":12},"end":{"line":124,"column":54},"skip":true},"36":{"start":{"line":125,"column":12},"end":{"line":140,"column":14},"skip":true},"37":{"start":{"line":126,"column":16},"end":{"line":126,"column":28},"skip":true},"38":{"start":{"line":127,"column":16},"end":{"line":127,"column":69},"skip":true},"39":{"start":{"line":128,"column":16},"end":{"line":128,"column":75},"skip":true},"40":{"start":{"line":129,"column":16},"end":{"line":131,"column":17},"skip":true},"41":{"start":{"line":130,"column":20},"end":{"line":130,"column":27},"skip":true},"42":{"start":{"line":133,"column":16},"end":{"line":137,"column":36},"skip":true},"43":{"start":{"line":134,"column":20},"end":{"line":136,"column":55},"skip":true},"44":{"start":{"line":139,"column":16},"end":{"line":139,"column":57},"skip":true},"45":{"start":{"line":143,"column":8},"end":{"line":147,"column":11},"skip":true},"46":{"start":{"line":144,"column":12},"end":{"line":146,"column":15},"skip":true},"47":{"start":{"line":145,"column":16},"end":{"line":145,"column":70},"skip":true},"48":{"start":{"line":149,"column":8},"end":{"line":149,"column":31},"skip":true},"49":{"start":{"line":150,"column":8},"end":{"line":150,"column":14},"skip":true},"50":{"start":{"line":158,"column":8},"end":{"line":158,"column":31},"skip":true},"51":{"start":{"line":160,"column":8},"end":{"line":160,"column":33},"skip":true},"52":{"start":{"line":161,"column":8},"end":{"line":161,"column":37},"skip":true},"53":{"start":{"line":162,"column":8},"end":{"line":162,"column":35},"skip":true},"54":{"start":{"line":164,"column":8},"end":{"line":164,"column":50},"skip":true},"55":{"start":{"line":166,"column":8},"end":{"line":256,"column":2},"skip":true},"56":{"start":{"line":258,"column":8},"end":{"line":286,"column":9},"skip":true},"57":{"start":{"line":259,"column":12},"end":{"line":269,"column":14},"skip":true},"58":{"start":{"line":271,"column":12},"end":{"line":285,"column":19},"skip":true},"59":{"start":{"line":274,"column":20},"end":{"line":274,"column":35},"skip":true},"60":{"start":{"line":275,"column":20},"end":{"line":284,"column":21},"skip":true},"61":{"start":{"line":277,"column":24},"end":{"line":277,"column":64},"skip":true},"62":{"start":{"line":279,"column":24},"end":{"line":279,"column":40},"skip":true},"63":{"start":{"line":281,"column":24},"end":{"line":281,"column":40},"skip":true},"64":{"start":{"line":283,"column":24},"end":{"line":283,"column":39},"skip":true},"65":{"start":{"line":288,"column":8},"end":{"line":290,"column":9},"skip":true},"66":{"start":{"line":289,"column":12},"end":{"line":289,"column":18},"skip":true},"67":{"start":{"line":291,"column":8},"end":{"line":293,"column":54},"skip":true},"68":{"start":{"line":296,"column":8},"end":{"line":301,"column":37},"skip":true},"69":{"start":{"line":303,"column":8},"end":{"line":303,"column":82},"skip":true},"70":{"start":{"line":306,"column":8},"end":{"line":308,"column":9},"skip":true},"71":{"start":{"line":307,"column":12},"end":{"line":307,"column":82},"skip":true},"72":{"start":{"line":310,"column":8},"end":{"line":312,"column":9},"skip":true},"73":{"start":{"line":311,"column":12},"end":{"line":311,"column":18},"skip":true},"74":{"start":{"line":313,"column":8},"end":{"line":313,"column":54},"skip":true},"75":{"start":{"line":314,"column":8},"end":{"line":314,"column":69},"skip":true},"76":{"start":{"line":315,"column":8},"end":{"line":323,"column":36},"skip":true},"77":{"start":{"line":316,"column":12},"end":{"line":316,"column":61},"skip":true},"78":{"start":{"line":317,"column":12},"end":{"line":320,"column":13},"skip":true},"79":{"start":{"line":318,"column":16},"end":{"line":318,"column":75},"skip":true},"80":{"start":{"line":319,"column":16},"end":{"line":319,"column":23},"skip":true},"81":{"start":{"line":321,"column":12},"end":{"line":321,"column":38},"skip":true},"82":{"start":{"line":322,"column":12},"end":{"line":322,"column":27},"skip":true},"83":{"start":{"line":324,"column":8},"end":{"line":324,"column":14},"skip":true}},"branchMap":{"1":{"line":39,"type":"binary-expr","locations":[{"start":{"line":39,"column":23},"end":{"line":39,"column":62}},{"start":{"line":40,"column":20},"end":{"line":40,"column":70}},{"start":{"line":41,"column":20},"end":{"line":41,"column":71}},{"start":{"line":42,"column":20},"end":{"line":42,"column":29}}]},"2":{"line":44,"type":"binary-expr","locations":[{"start":{"line":44,"column":23},"end":{"line":44,"column":37}},{"start":{"line":45,"column":20},"end":{"line":45,"column":61}},{"start":{"line":46,"column":20},"end":{"line":46,"column":70}},{"start":{"line":47,"column":20},"end":{"line":47,"column":26}}]},"3":{"line":51,"type":"cond-expr","locations":[{"start":{"line":52,"column":14},"end":{"line":52,"column":20}},{"start":{"line":53,"column":14},"end":{"line":53,"column":20}}]},"4":{"line":55,"type":"binary-expr","locations":[{"start":{"line":55,"column":16},"end":{"line":55,"column":44}},{"start":{"line":55,"column":49},"end":{"line":57,"column":43}}]},"5":{"line":55,"type":"cond-expr","locations":[{"start":{"line":56,"column":14},"end":{"line":56,"column":54}},{"start":{"line":57,"column":14},"end":{"line":57,"column":43}}]},"6":{"line":61,"type":"switch","locations":[{"start":{"line":68,"column":4},"end":{"line":150,"column":14},"skip":true},{"start":{"line":156,"column":4},"end":{"line":324,"column":14},"skip":true}]},"7":{"line":70,"type":"if","locations":[{"start":{"line":70,"column":12},"end":{"line":70,"column":12},"skip":true},{"start":{"line":70,"column":12},"end":{"line":70,"column":12},"skip":true}]},"8":{"line":70,"type":"binary-expr","locations":[{"start":{"line":70,"column":16},"end":{"line":70,"column":22},"skip":true},{"start":{"line":70,"column":27},"end":{"line":70,"column":32},"skip":true},{"start":{"line":71,"column":20},"end":{"line":71,"column":39},"skip":true},{"start":{"line":72,"column":20},"end":{"line":72,"column":49},"skip":true},{"start":{"line":73,"column":20},"end":{"line":73,"column":58},"skip":true},{"start":{"line":74,"column":20},"end":{"line":74,"column":69},"skip":true}]},"9":{"line":79,"type":"switch","locations":[{"start":{"line":80,"column":20},"end":{"line":80,"column":33},"skip":true},{"start":{"line":81,"column":20},"end":{"line":83,"column":30},"skip":true},{"start":{"line":84,"column":20},"end":{"line":85,"column":49},"skip":true}]},"10":{"line":89,"type":"switch","locations":[{"start":{"line":90,"column":12},"end":{"line":103,"column":22},"skip":true},{"start":{"line":105,"column":12},"end":{"line":106,"column":22},"skip":true}]},"11":{"line":89,"type":"binary-expr","locations":[{"start":{"line":89,"column":20},"end":{"line":89,"column":25},"skip":true},{"start":{"line":89,"column":29},"end":{"line":89,"column":48},"skip":true},{"start":{"line":89,"column":52},"end":{"line":89,"column":74},"skip":true}]},"12":{"line":92,"type":"if","locations":[{"start":{"line":92,"column":16},"end":{"line":92,"column":16},"skip":true},{"start":{"line":92,"column":16},"end":{"line":92,"column":16},"skip":true}]},"13":{"line":108,"type":"if","locations":[{"start":{"line":108,"column":12},"end":{"line":108,"column":12},"skip":true},{"start":{"line":108,"column":12},"end":{"line":108,"column":12},"skip":true}]},"14":{"line":108,"type":"binary-expr","locations":[{"start":{"line":108,"column":16},"end":{"line":108,"column":61},"skip":true},{"start":{"line":108,"column":66},"end":{"line":108,"column":72},"skip":true},{"start":{"line":108,"column":77},"end":{"line":108,"column":82},"skip":true},{"start":{"line":109,"column":20},"end":{"line":109,"column":39},"skip":true},{"start":{"line":110,"column":20},"end":{"line":110,"column":49},"skip":true},{"start":{"line":111,"column":20},"end":{"line":111,"column":58},"skip":true},{"start":{"line":112,"column":20},"end":{"line":112,"column":68},"skip":true}]},"15":{"line":129,"type":"if","locations":[{"start":{"line":129,"column":16},"end":{"line":129,"column":16},"skip":true},{"start":{"line":129,"column":16},"end":{"line":129,"column":16},"skip":true}]},"16":{"line":134,"type":"cond-expr","locations":[{"start":{"line":135,"column":26},"end":{"line":135,"column":29},"skip":true},{"start":{"line":136,"column":26},"end":{"line":136,"column":54},"skip":true}]},"17":{"line":164,"type":"binary-expr","locations":[{"start":{"line":164,"column":27},"end":{"line":164,"column":43},"skip":true},{"start":{"line":164,"column":47},"end":{"line":164,"column":49},"skip":true}]},"18":{"line":258,"type":"if","locations":[{"start":{"line":258,"column":8},"end":{"line":258,"column":8},"skip":true},{"start":{"line":258,"column":8},"end":{"line":258,"column":8},"skip":true}]},"19":{"line":275,"type":"switch","locations":[{"start":{"line":276,"column":20},"end":{"line":277,"column":64},"skip":true},{"start":{"line":278,"column":20},"end":{"line":279,"column":40},"skip":true},{"start":{"line":280,"column":20},"end":{"line":281,"column":40},"skip":true},{"start":{"line":282,"column":20},"end":{"line":283,"column":39},"skip":true}]},"20":{"line":288,"type":"if","locations":[{"start":{"line":288,"column":8},"end":{"line":288,"column":8},"skip":true},{"start":{"line":288,"column":8},"end":{"line":288,"column":8},"skip":true}]},"21":{"line":288,"type":"binary-expr","locations":[{"start":{"line":288,"column":12},"end":{"line":288,"column":40},"skip":true},{"start":{"line":288,"column":44},"end":{"line":288,"column":67},"skip":true}]},"22":{"line":292,"type":"binary-expr","locations":[{"start":{"line":292,"column":12},"end":{"line":292,"column":50},"skip":true},{"start":{"line":293,"column":12},"end":{"line":293,"column":53},"skip":true}]},"23":{"line":297,"type":"binary-expr","locations":[{"start":{"line":297,"column":12},"end":{"line":297,"column":68},"skip":true},{"start":{"line":298,"column":12},"end":{"line":301,"column":36},"skip":true}]},"24":{"line":303,"type":"binary-expr","locations":[{"start":{"line":303,"column":43},"end":{"line":303,"column":75},"skip":true},{"start":{"line":303,"column":79},"end":{"line":303,"column":81},"skip":true}]},"25":{"line":306,"type":"if","locations":[{"start":{"line":306,"column":8},"end":{"line":306,"column":8},"skip":true},{"start":{"line":306,"column":8},"end":{"line":306,"column":8},"skip":true}]},"26":{"line":310,"type":"if","locations":[{"start":{"line":310,"column":8},"end":{"line":310,"column":8},"skip":true},{"start":{"line":310,"column":8},"end":{"line":310,"column":8},"skip":true}]},"27":{"line":313,"type":"binary-expr","locations":[{"start":{"line":313,"column":27},"end":{"line":313,"column":43},"skip":true},{"start":{"line":313,"column":47},"end":{"line":313,"column":53},"skip":true}]},"28":{"line":317,"type":"if","locations":[{"start":{"line":317,"column":12},"end":{"line":317,"column":12},"skip":true},{"start":{"line":317,"column":12},"end":{"line":317,"column":12},"skip":true}]}},"code":["/*","example.js","","quickstart example","","instruction","    1. save this script as example.js","    2. run the shell command:","        $ npm install npmtest-servicebus && PORT=8081 node example.js","    3. play with the browser-demo on http://127.0.0.1:8081","*/","","","","/* istanbul instrument in package npmtest_servicebus */","/*jslint","    bitwise: true,","    browser: true,","    maxerr: 8,","    maxlen: 96,","    node: true,","    nomen: true,","    regexp: true,","    stupid: true","*/","(function () {","    'use strict';","    var local;","","","","    // run shared js-env code - pre-init","    (function () {","        // init local","        local = {};","        // init modeJs","        local.modeJs = (function () {","            try {","                return typeof navigator.userAgent === 'string' &&","                    typeof document.querySelector('body') === 'object' &&","                    typeof XMLHttpRequest.prototype.open === 'function' &&","                    'browser';","            } catch (errorCaughtBrowser) {","                return module.exports &&","                    typeof process.versions.node === 'string' &&","                    typeof require('http').createServer === 'function' &&","                    'node';","            }","        }());","        // init global","        local.global = local.modeJs === 'browser'","            ? window","            : global;","        // init utility2_rollup","        local = local.global.utility2_rollup || (local.modeJs === 'browser'","            ? local.global.utility2_npmtest_servicebus","            : global.utility2_moduleExports);","        // export local","        local.global.local = local;","    }());","    switch (local.modeJs) {","","","","    // post-init","    // run browser js-env code - post-init","    /* istanbul ignore next */","    case 'browser':","        local.testRunBrowser = function (event) {","            if (!event || (event &&","                    event.currentTarget &&","                    event.currentTarget.className &&","                    event.currentTarget.className.includes &&","                    event.currentTarget.className.includes('onreset'))) {","                // reset output","                Array.from(","                    document.querySelectorAll('body > .resettable')","                ).forEach(function (element) {","                    switch (element.tagName) {","                    case 'INPUT':","                    case 'TEXTAREA':","                        element.value = '';","                        break;","                    default:","                        element.textContent = '';","                    }","                });","            }","            switch (event && event.currentTarget && event.currentTarget.id) {","            case 'testRunButton1':","                // show tests","                if (document.querySelector('#testReportDiv1').style.display === 'none') {","                    document.querySelector('#testReportDiv1').style.display = 'block';","                    document.querySelector('#testRunButton1').textContent =","                        'hide internal test';","                    local.modeTest = true;","                    local.testRunDefault(local);","                // hide tests","                } else {","                    document.querySelector('#testReportDiv1').style.display = 'none';","                    document.querySelector('#testRunButton1').textContent = 'run internal test';","                }","                break;","            // custom-case","            default:","                break;","            }","            if (document.querySelector('#inputTextareaEval1') && (!event || (event &&","                    event.currentTarget &&","                    event.currentTarget.className &&","                    event.currentTarget.className.includes &&","                    event.currentTarget.className.includes('oneval')))) {","                // try to eval input-code","                try {","                    /*jslint evil: true*/","                    eval(document.querySelector('#inputTextareaEval1').value);","                } catch (errorCaught) {","                    console.error(errorCaught);","                }","            }","        };","        // log stderr and stdout to #outputTextareaStdout1","        ['error', 'log'].forEach(function (key) {","            console[key + '_original'] = console[key];","            console[key] = function () {","                var element;","                console[key + '_original'].apply(console, arguments);","                element = document.querySelector('#outputTextareaStdout1');","                if (!element) {","                    return;","                }","                // append text to #outputTextareaStdout1","                element.value += Array.from(arguments).map(function (arg) {","                    return typeof arg === 'string'","                        ? arg","                        : JSON.stringify(arg, null, 4);","                }).join(' ') + '\\n';","                // scroll textarea to bottom","                element.scrollTop = element.scrollHeight;","            };","        });","        // init event-handling","        ['change', 'click', 'keyup'].forEach(function (event) {","            Array.from(document.querySelectorAll('.on' + event)).forEach(function (element) {","                element.addEventListener(event, local.testRunBrowser);","            });","        });","        // run tests","        local.testRunBrowser();","        break;","","","","    // run node js-env code - post-init","    /* istanbul ignore next */","    case 'node':","        // export local","        module.exports = local;","        // require modules","        local.fs = require('fs');","        local.http = require('http');","        local.url = require('url');","        // init assets","        local.assetsDict = local.assetsDict || {};","        /* jslint-ignore-begin */","        local.assetsDict['/assets.index.template.html'] = '\\","<!doctype html>\\n\\","<html lang=\"en\">\\n\\","<head>\\n\\","<meta charset=\"UTF-8\">\\n\\","<meta name=\"viewport\" content=\"width=device-width, initial-scale=1\">\\n\\","<title>{{env.npm_package_name}} (v{{env.npm_package_version}})</title>\\n\\","<style>\\n\\","/*csslint\\n\\","    box-sizing: false,\\n\\","    universal-selector: false\\n\\","*/\\n\\","* {\\n\\","    box-sizing: border-box;\\n\\","}\\n\\","body {\\n\\","    background: #dde;\\n\\","    font-family: Arial, Helvetica, sans-serif;\\n\\","    margin: 2rem;\\n\\","}\\n\\","body > * {\\n\\","    margin-bottom: 1rem;\\n\\","}\\n\\",".utility2FooterDiv {\\n\\","    margin-top: 20px;\\n\\","    text-align: center;\\n\\","}\\n\\","</style>\\n\\","<style>\\n\\","/*csslint\\n\\","*/\\n\\","textarea {\\n\\","    font-family: monospace;\\n\\","    height: 10rem;\\n\\","    width: 100%;\\n\\","}\\n\\","textarea[readonly] {\\n\\","    background: #ddd;\\n\\","}\\n\\","</style>\\n\\","</head>\\n\\","<body>\\n\\","<!-- utility2-comment\\n\\","<div id=\"ajaxProgressDiv1\" style=\"background: #d00; height: 2px; left: 0; margin: 0; padding: 0; position: fixed; top: 0; transition: background 0.5s, width 1.5s; width: 25%;\"></div>\\n\\","utility2-comment -->\\n\\","<h1>\\n\\","<!-- utility2-comment\\n\\","    <a\\n\\","        {{#if env.npm_package_homepage}}\\n\\","        href=\"{{env.npm_package_homepage}}\"\\n\\","        {{/if env.npm_package_homepage}}\\n\\","        target=\"_blank\"\\n\\","    >\\n\\","utility2-comment -->\\n\\","        {{env.npm_package_name}} (v{{env.npm_package_version}})\\n\\","<!-- utility2-comment\\n\\","    </a>\\n\\","utility2-comment -->\\n\\","</h1>\\n\\","<h3>{{env.npm_package_description}}</h3>\\n\\","<!-- utility2-comment\\n\\","<h4><a download href=\"assets.app.js\">download standalone app</a></h4>\\n\\","<button class=\"onclick onreset\" id=\"testRunButton1\">run internal test</button><br>\\n\\","<div id=\"testReportDiv1\" style=\"display: none;\"></div>\\n\\","utility2-comment -->\\n\\","\\n\\","\\n\\","\\n\\","<label>stderr and stdout</label>\\n\\","<textarea class=\"resettable\" id=\"outputTextareaStdout1\" readonly></textarea>\\n\\","<!-- utility2-comment\\n\\","{{#if isRollup}}\\n\\","<script src=\"assets.app.js\"></script>\\n\\","{{#unless isRollup}}\\n\\","utility2-comment -->\\n\\","<script src=\"assets.utility2.rollup.js\"></script>\\n\\","<script src=\"jsonp.utility2._stateInit?callback=window.utility2._stateInit\"></script>\\n\\","<script src=\"assets.npmtest_servicebus.rollup.js\"></script>\\n\\","<script src=\"assets.example.js\"></script>\\n\\","<script src=\"assets.test.js\"></script>\\n\\","<!-- utility2-comment\\n\\","{{/if isRollup}}\\n\\","utility2-comment -->\\n\\","<div class=\"utility2FooterDiv\">\\n\\","    [ this app was created with\\n\\","    <a href=\"https://github.com/kaizhu256/node-utility2\" target=\"_blank\">utility2</a>\\n\\","    ]\\n\\","</div>\\n\\","</body>\\n\\","</html>\\n\\","';","        /* jslint-ignore-end */","        if (local.templateRender) {","            local.assetsDict['/'] = local.templateRender(","                local.assetsDict['/assets.index.template.html'],","                {","                    env: local.objectSetDefault(local.env, {","                        npm_package_description: 'the greatest app in the world!',","                        npm_package_name: 'my-app',","                        npm_package_nameAlias: 'my_app',","                        npm_package_version: '0.0.1'","                    })","                }","            );","        } else {","            local.assetsDict['/'] = local.assetsDict['/assets.index.template.html']","                .replace((/\\{\\{env\\.(\\w+?)\\}\\}/g), function (match0, match1) {","                    // jslint-hack","                    String(match0);","                    switch (match1) {","                    case 'npm_package_description':","                        return 'the greatest app in the world!';","                    case 'npm_package_name':","                        return 'my-app';","                    case 'npm_package_nameAlias':","                        return 'my_app';","                    case 'npm_package_version':","                        return '0.0.1';","                    }","                });","        }","        // run the cli","        if (local.global.utility2_rollup || module !== require.main) {","            break;","        }","        local.assetsDict['/assets.example.js'] =","            local.assetsDict['/assets.example.js'] ||","            local.fs.readFileSync(__filename, 'utf8');","        // bug-workaround - long $npm_package_buildCustomOrg","        /* jslint-ignore-begin */","        local.assetsDict['/assets.npmtest_servicebus.rollup.js'] =","            local.assetsDict['/assets.npmtest_servicebus.rollup.js'] ||","            local.fs.readFileSync(","                local.npmtest_servicebus.__dirname + '/lib.npmtest_servicebus.js',","                'utf8'","            ).replace((/^#!/), '//');","        /* jslint-ignore-end */","        local.assetsDict['/favicon.ico'] = local.assetsDict['/favicon.ico'] || '';","        // if $npm_config_timeout_exit exists,","        // then exit this process after $npm_config_timeout_exit ms","        if (Number(process.env.npm_config_timeout_exit)) {","            setTimeout(process.exit, Number(process.env.npm_config_timeout_exit));","        }","        // start server","        if (local.global.utility2_serverHttp1) {","            break;","        }","        process.env.PORT = process.env.PORT || '8081';","        console.error('server starting on port ' + process.env.PORT);","        local.http.createServer(function (request, response) {","            request.urlParsed = local.url.parse(request.url);","            if (local.assetsDict[request.urlParsed.pathname] !== undefined) {","                response.end(local.assetsDict[request.urlParsed.pathname]);","                return;","            }","            response.statusCode = 404;","            response.end();","        }).listen(process.env.PORT);","        break;","    }","}());",""],"l":{"26":2,"28":2,"33":2,"35":2,"37":2,"38":2,"39":2,"44":1,"51":2,"55":2,"59":2,"61":2,"69":1,"70":2,"76":2,"79":2,"82":2,"83":2,"85":1,"89":2,"92":1,"93":1,"94":1,"96":1,"97":1,"100":1,"101":1,"103":1,"106":1,"108":2,"114":1,"116":1,"118":1,"123":1,"124":2,"125":2,"126":3,"127":3,"128":3,"129":3,"130":1,"133":3,"134":3,"139":3,"143":1,"144":3,"145":1,"149":1,"150":1,"158":1,"160":1,"161":1,"162":1,"164":1,"166":1,"258":1,"259":1,"271":1,"274":6,"275":6,"277":1,"279":2,"281":1,"283":2,"288":1,"289":1,"291":1,"296":1,"303":1,"306":1,"307":1,"310":1,"311":1,"313":1,"314":1,"315":1,"316":1,"317":1,"318":1,"319":1,"321":1,"322":1,"324":1}},"/home/travis/build/npmtest/node-npmtest-servicebus/node_modules/servicebus/index.js":{"path":"/home/travis/build/npmtest/node-npmtest-servicebus/node_modules/servicebus/index.js","s":{"1":1},"b":{},"f":{},"fnMap":{},"statementMap":{"1":{"start":{"line":1,"column":0},"end":{"line":1,"column":34}}},"branchMap":{},"code":["module.exports = require('./bus');"],"l":{"1":1}},"/home/travis/build/npmtest/node-npmtest-servicebus/node_modules/servicebus/bus/index.js":{"path":"/home/travis/build/npmtest/node-npmtest-servicebus/node_modules/servicebus/bus/index.js","s":{"1":1,"2":1,"3":0,"4":1,"5":1,"6":0,"7":0,"8":0,"9":0},"b":{"1":[0,0]},"f":{"1":0,"2":0},"fnMap":{"1":{"name":"bus","line":3,"loc":{"start":{"line":3,"column":21},"end":{"line":3,"column":54}}},"2":{"name":"namedBus","line":9,"loc":{"start":{"line":9,"column":26},"end":{"line":9,"column":69}}}},"statementMap":{"1":{"start":{"line":1,"column":0},"end":{"line":1,"column":41}},"2":{"start":{"line":3,"column":0},"end":{"line":5,"column":2}},"3":{"start":{"line":4,"column":2},"end":{"line":4,"column":45}},"4":{"start":{"line":7,"column":0},"end":{"line":7,"column":20}},"5":{"start":{"line":9,"column":0},"end":{"line":15,"column":2}},"6":{"start":{"line":10,"column":2},"end":{"line":10,"column":29}},"7":{"start":{"line":11,"column":2},"end":{"line":13,"column":3}},"8":{"start":{"line":12,"column":4},"end":{"line":12,"column":65}},"9":{"start":{"line":14,"column":2},"end":{"line":14,"column":13}}},"branchMap":{"1":{"line":11,"type":"if","locations":[{"start":{"line":11,"column":2},"end":{"line":11,"column":2}},{"start":{"line":11,"column":2},"end":{"line":11,"column":2}}]}},"code":["var rabbitmq = require('./rabbitmq/bus');","","module.exports.bus = function bus (options, implOpts) {","  return new rabbitmq.Bus(options, implOpts);","};","","var namedBuses = {};","","module.exports.namedBus = function namedBus(name, options, implOpts) {","  var bus = namedBuses[name];","  if ( ! bus) {","    bus = namedBuses[name] = new rabbitmq.Bus(options, implOpts);","  }","  return bus;","};"],"l":{"1":1,"3":1,"4":0,"7":1,"9":1,"10":0,"11":0,"12":0,"14":0}},"/home/travis/build/npmtest/node-npmtest-servicebus/node_modules/servicebus/bus/rabbitmq/bus.js":{"path":"/home/travis/build/npmtest/node-npmtest-servicebus/node_modules/servicebus/bus/rabbitmq/bus.js","s":{"1":1,"2":1,"3":0,"4":0,"5":0,"6":0,"7":0,"8":0,"9":0,"10":0,"11":0,"12":0,"13":0,"14":0,"15":0,"16":0,"17":0,"18":0,"19":0,"20":0,"21":0,"22":0,"23":0,"24":0,"25":0,"26":1,"27":0,"28":0,"29":0,"30":0,"31":1,"32":0,"33":0,"34":0,"35":0,"36":0,"37":0,"38":0,"39":0,"40":0,"41":0,"42":0,"43":0,"44":0,"45":0,"46":0,"47":0,"48":0,"49":0,"50":0,"51":0,"52":0,"53":0,"54":0,"55":0,"56":0,"57":0,"58":0,"59":0,"60":0,"61":0,"62":0,"63":0,"64":1,"65":1,"66":0,"67":0,"68":0,"69":0,"70":0,"71":0,"72":0,"73":0,"74":0,"75":0,"76":0,"77":0,"78":0,"79":0,"80":0,"81":1,"82":0,"83":0,"84":0,"85":0,"86":0,"87":1,"88":0,"89":0,"90":0,"91":0,"92":0,"93":0,"94":0,"95":0,"96":0,"97":0,"98":0,"99":1,"100":0,"101":0,"102":0,"103":0,"104":0,"105":0,"106":1,"107":0,"108":0,"109":0,"110":0,"111":0,"112":0,"113":0,"114":0,"115":0,"116":0,"117":0,"118":0,"119":0,"120":0,"121":1,"122":0,"123":0,"124":0,"125":0,"126":0,"127":0,"128":1,"129":0,"130":0,"131":0,"132":0,"133":0,"134":0,"135":0,"136":0,"137":0,"138":0,"139":0,"140":0,"141":1,"142":0,"143":0,"144":0,"145":0,"146":0,"147":0,"148":0,"149":0,"150":0,"151":0,"152":0,"153":0,"154":0,"155":0,"156":1,"157":0,"158":0,"159":0,"160":0,"161":1},"b":{"1":[0,0],"2":[0,0,0],"3":[0,0],"4":[0,0],"5":[0,0],"6":[0,0],"7":[0,0],"8":[0,0],"9":[0,0],"10":[0,0],"11":[0,0],"12":[0,0],"13":[0,0],"14":[0,0],"15":[0,0],"16":[0,0],"17":[0,0],"18":[0,0],"19":[0,0],"20":[0,0],"21":[0,0],"22":[0,0],"23":[0,0],"24":[0,0],"25":[0,0],"26":[0,0],"27":[0,0],"28":[0,0],"29":[0,0],"30":[0,0],"31":[0,0],"32":[0,0],"33":[0,0],"34":[0,0],"35":[0,0],"36":[0,0],"37":[0,0],"38":[0,0],"39":[0,0],"40":[0,0],"41":[0,0],"42":[0,0],"43":[0,0],"44":[0,0],"45":[0,0],"46":[0,0]},"f":{"1":0,"2":0,"3":0,"4":0,"5":0,"6":0,"7":0,"8":0,"9":0,"10":0,"11":0,"12":0,"13":0,"14":0,"15":0,"16":0,"17":0,"18":0,"19":0,"20":0,"21":0,"22":0,"23":0},"fnMap":{"1":{"name":"RabbitMQBus","line":14,"loc":{"start":{"line":14,"column":0},"end":{"line":14,"column":41}}},"2":{"name":"(anonymous_2)","line":41,"loc":{"start":{"line":41,"column":35},"end":{"line":41,"column":51}}},"3":{"name":"channelError","line":45,"loc":{"start":{"line":45,"column":4},"end":{"line":45,"column":32}}},"4":{"name":"done","line":53,"loc":{"start":{"line":53,"column":4},"end":{"line":53,"column":21}}},"5":{"name":"(anonymous_5)","line":61,"loc":{"start":{"line":61,"column":41},"end":{"line":61,"column":60}}},"6":{"name":"(anonymous_6)","line":72,"loc":{"start":{"line":72,"column":41},"end":{"line":72,"column":60}}},"7":{"name":"(anonymous_7)","line":84,"loc":{"start":{"line":84,"column":50},"end":{"line":84,"column":69}}},"8":{"name":"(anonymous_8)","line":96,"loc":{"start":{"line":96,"column":11},"end":{"line":96,"column":26}}},"9":{"name":"listen","line":106,"loc":{"start":{"line":106,"column":31},"end":{"line":106,"column":78}}},"10":{"name":"(anonymous_10)","line":126,"loc":{"start":{"line":126,"column":26},"end":{"line":126,"column":38}}},"11":{"name":"unlisten","line":136,"loc":{"start":{"line":136,"column":33},"end":{"line":136,"column":72}}},"12":{"name":"removeListener","line":146,"loc":{"start":{"line":146,"column":40},"end":{"line":146,"column":85}}},"13":{"name":"(anonymous_13)","line":155,"loc":{"start":{"line":155,"column":14},"end":{"line":155,"column":28}}},"14":{"name":"(anonymous_14)","line":165,"loc":{"start":{"line":165,"column":35},"end":{"line":165,"column":65}}},"15":{"name":"send","line":187,"loc":{"start":{"line":187,"column":29},"end":{"line":187,"column":77}}},"16":{"name":"(anonymous_16)","line":209,"loc":{"start":{"line":209,"column":59},"end":{"line":209,"column":98}}},"17":{"name":"subscribe","line":215,"loc":{"start":{"line":215,"column":34},"end":{"line":215,"column":84}}},"18":{"name":"_unsubscribe","line":226,"loc":{"start":{"line":226,"column":2},"end":{"line":226,"column":34}}},"19":{"name":"(anonymous_19)","line":239,"loc":{"start":{"line":239,"column":33},"end":{"line":239,"column":45}}},"20":{"name":"publish","line":253,"loc":{"start":{"line":253,"column":32},"end":{"line":253,"column":83}}},"21":{"name":"(anonymous_21)","line":275,"loc":{"start":{"line":275,"column":59},"end":{"line":275,"column":98}}},"22":{"name":"close","line":281,"loc":{"start":{"line":281,"column":30},"end":{"line":281,"column":48}}},"23":{"name":"(anonymous_23)","line":284,"loc":{"start":{"line":284,"column":24},"end":{"line":284,"column":43}}}},"statementMap":{"1":{"start":{"line":1,"column":0},"end":{"line":12,"column":27}},"2":{"start":{"line":14,"column":0},"end":{"line":102,"column":1}},"3":{"start":{"line":15,"column":2},"end":{"line":15,"column":18}},"4":{"start":{"line":17,"column":2},"end":{"line":17,"column":26}},"5":{"start":{"line":18,"column":2},"end":{"line":18,"column":78}},"6":{"start":{"line":19,"column":2},"end":{"line":19,"column":62}},"7":{"start":{"line":20,"column":2},"end":{"line":20,"column":61}},"8":{"start":{"line":21,"column":2},"end":{"line":21,"column":58}},"9":{"start":{"line":23,"column":2},"end":{"line":23,"column":122}},"10":{"start":{"line":24,"column":2},"end":{"line":24,"column":21}},"11":{"start":{"line":25,"column":2},"end":{"line":25,"column":66}},"12":{"start":{"line":26,"column":2},"end":{"line":26,"column":53}},"13":{"start":{"line":27,"column":2},"end":{"line":27,"column":43}},"14":{"start":{"line":28,"column":2},"end":{"line":28,"column":24}},"15":{"start":{"line":29,"column":2},"end":{"line":29,"column":27}},"16":{"start":{"line":30,"column":2},"end":{"line":30,"column":32}},"17":{"start":{"line":31,"column":2},"end":{"line":31,"column":35}},"18":{"start":{"line":32,"column":2},"end":{"line":32,"column":25}},"19":{"start":{"line":33,"column":2},"end":{"line":33,"column":19}},"20":{"start":{"line":34,"column":2},"end":{"line":34,"column":39}},"21":{"start":{"line":36,"column":2},"end":{"line":36,"column":85}},"22":{"start":{"line":37,"column":2},"end":{"line":37,"column":74}},"23":{"start":{"line":39,"column":2},"end":{"line":39,"column":48}},"24":{"start":{"line":41,"column":2},"end":{"line":99,"column":5}},"25":{"start":{"line":43,"column":4},"end":{"line":43,"column":27}},"26":{"start":{"line":45,"column":4},"end":{"line":48,"column":5}},"27":{"start":{"line":46,"column":6},"end":{"line":46,"column":90}},"28":{"start":{"line":47,"column":6},"end":{"line":47,"column":30}},"29":{"start":{"line":50,"column":4},"end":{"line":50,"column":63}},"30":{"start":{"line":51,"column":4},"end":{"line":51,"column":63}},"31":{"start":{"line":53,"column":4},"end":{"line":59,"column":5}},"32":{"start":{"line":54,"column":6},"end":{"line":58,"column":7}},"33":{"start":{"line":55,"column":8},"end":{"line":55,"column":32}},"34":{"start":{"line":56,"column":8},"end":{"line":56,"column":53}},"35":{"start":{"line":57,"column":8},"end":{"line":57,"column":27}},"36":{"start":{"line":61,"column":4},"end":{"line":70,"column":7}},"37":{"start":{"line":62,"column":6},"end":{"line":62,"column":40}},"38":{"start":{"line":63,"column":6},"end":{"line":63,"column":65}},"39":{"start":{"line":64,"column":6},"end":{"line":64,"column":33}},"40":{"start":{"line":65,"column":6},"end":{"line":67,"column":7}},"41":{"start":{"line":66,"column":8},"end":{"line":66,"column":52}},"42":{"start":{"line":68,"column":6},"end":{"line":68,"column":34}},"43":{"start":{"line":69,"column":6},"end":{"line":69,"column":13}},"44":{"start":{"line":72,"column":4},"end":{"line":81,"column":7}},"45":{"start":{"line":73,"column":6},"end":{"line":73,"column":40}},"46":{"start":{"line":74,"column":6},"end":{"line":74,"column":65}},"47":{"start":{"line":75,"column":6},"end":{"line":75,"column":35}},"48":{"start":{"line":76,"column":6},"end":{"line":78,"column":7}},"49":{"start":{"line":77,"column":8},"end":{"line":77,"column":54}},"50":{"start":{"line":79,"column":6},"end":{"line":79,"column":34}},"51":{"start":{"line":80,"column":6},"end":{"line":80,"column":13}},"52":{"start":{"line":83,"column":4},"end":{"line":94,"column":5}},"53":{"start":{"line":84,"column":6},"end":{"line":93,"column":9}},"54":{"start":{"line":85,"column":8},"end":{"line":85,"column":42}},"55":{"start":{"line":86,"column":8},"end":{"line":86,"column":67}},"56":{"start":{"line":87,"column":8},"end":{"line":87,"column":38}},"57":{"start":{"line":88,"column":8},"end":{"line":90,"column":9}},"58":{"start":{"line":89,"column":10},"end":{"line":89,"column":57}},"59":{"start":{"line":91,"column":8},"end":{"line":91,"column":36}},"60":{"start":{"line":92,"column":8},"end":{"line":92,"column":15}},"61":{"start":{"line":97,"column":4},"end":{"line":97,"column":54}},"62":{"start":{"line":98,"column":4},"end":{"line":98,"column":28}},"63":{"start":{"line":101,"column":2},"end":{"line":101,"column":17}},"64":{"start":{"line":104,"column":0},"end":{"line":104,"column":32}},"65":{"start":{"line":106,"column":0},"end":{"line":134,"column":2}},"66":{"start":{"line":108,"column":2},"end":{"line":108,"column":18}},"67":{"start":{"line":110,"column":2},"end":{"line":110,"column":44}},"68":{"start":{"line":112,"column":2},"end":{"line":115,"column":3}},"69":{"start":{"line":113,"column":4},"end":{"line":113,"column":23}},"70":{"start":{"line":114,"column":4},"end":{"line":114,"column":17}},"71":{"start":{"line":117,"column":2},"end":{"line":119,"column":3}},"72":{"start":{"line":118,"column":4},"end":{"line":118,"column":77}},"73":{"start":{"line":121,"column":2},"end":{"line":121,"column":38}},"74":{"start":{"line":123,"column":2},"end":{"line":130,"column":3}},"75":{"start":{"line":124,"column":4},"end":{"line":124,"column":53}},"76":{"start":{"line":125,"column":4},"end":{"line":125,"column":35}},"77":{"start":{"line":126,"column":4},"end":{"line":128,"column":7}},"78":{"start":{"line":127,"column":6},"end":{"line":127,"column":36}},"79":{"start":{"line":129,"column":4},"end":{"line":129,"column":43}},"80":{"start":{"line":132,"column":2},"end":{"line":132,"column":59}},"81":{"start":{"line":136,"column":0},"end":{"line":144,"column":2}},"82":{"start":{"line":137,"column":2},"end":{"line":143,"column":3}},"83":{"start":{"line":138,"column":4},"end":{"line":138,"column":82}},"84":{"start":{"line":140,"column":4},"end":{"line":140,"column":58}},"85":{"start":{"line":141,"column":4},"end":{"line":141,"column":34}},"86":{"start":{"line":142,"column":4},"end":{"line":142,"column":18}},"87":{"start":{"line":146,"column":0},"end":{"line":163,"column":2}},"88":{"start":{"line":147,"column":2},"end":{"line":147,"column":26}},"89":{"start":{"line":148,"column":2},"end":{"line":162,"column":3}},"90":{"start":{"line":149,"column":4},"end":{"line":149,"column":82}},"91":{"start":{"line":151,"column":4},"end":{"line":151,"column":35}},"92":{"start":{"line":152,"column":4},"end":{"line":159,"column":5}},"93":{"start":{"line":153,"column":6},"end":{"line":153,"column":41}},"94":{"start":{"line":154,"column":6},"end":{"line":157,"column":11}},"95":{"start":{"line":156,"column":10},"end":{"line":156,"column":29}},"96":{"start":{"line":158,"column":6},"end":{"line":158,"column":16}},"97":{"start":{"line":160,"column":4},"end":{"line":160,"column":34}},"98":{"start":{"line":161,"column":4},"end":{"line":161,"column":23}},"99":{"start":{"line":165,"column":0},"end":{"line":185,"column":2}},"100":{"start":{"line":166,"column":2},"end":{"line":172,"column":3}},"101":{"start":{"line":167,"column":4},"end":{"line":167,"column":44}},"102":{"start":{"line":168,"column":4},"end":{"line":168,"column":46}},"103":{"start":{"line":169,"column":4},"end":{"line":169,"column":36}},"104":{"start":{"line":171,"column":4},"end":{"line":171,"column":34}},"105":{"start":{"line":174,"column":2},"end":{"line":184,"column":5}},"106":{"start":{"line":187,"column":0},"end":{"line":213,"column":2}},"107":{"start":{"line":188,"column":2},"end":{"line":191,"column":3}},"108":{"start":{"line":189,"column":4},"end":{"line":189,"column":17}},"109":{"start":{"line":190,"column":4},"end":{"line":190,"column":17}},"110":{"start":{"line":193,"column":2},"end":{"line":193,"column":26}},"111":{"start":{"line":195,"column":2},"end":{"line":197,"column":3}},"112":{"start":{"line":196,"column":4},"end":{"line":196,"column":78}},"113":{"start":{"line":199,"column":2},"end":{"line":199,"column":130}},"114":{"start":{"line":199,"column":35},"end":{"line":199,"column":130}},"115":{"start":{"line":201,"column":2},"end":{"line":201,"column":38}},"116":{"start":{"line":203,"column":2},"end":{"line":203,"column":91}},"117":{"start":{"line":205,"column":2},"end":{"line":207,"column":3}},"118":{"start":{"line":206,"column":4},"end":{"line":206,"column":42}},"119":{"start":{"line":209,"column":2},"end":{"line":211,"column":16}},"120":{"start":{"line":210,"column":4},"end":{"line":210,"column":48}},"121":{"start":{"line":215,"column":0},"end":{"line":251,"column":2}},"122":{"start":{"line":216,"column":2},"end":{"line":216,"column":18}},"123":{"start":{"line":218,"column":2},"end":{"line":221,"column":3}},"124":{"start":{"line":219,"column":4},"end":{"line":219,"column":23}},"125":{"start":{"line":220,"column":4},"end":{"line":220,"column":17}},"126":{"start":{"line":223,"column":2},"end":{"line":223,"column":47}},"127":{"start":{"line":225,"column":2},"end":{"line":225,"column":20}},"128":{"start":{"line":226,"column":2},"end":{"line":228,"column":3}},"129":{"start":{"line":227,"column":4},"end":{"line":227,"column":32}},"130":{"start":{"line":230,"column":2},"end":{"line":232,"column":3}},"131":{"start":{"line":231,"column":4},"end":{"line":231,"column":80}},"132":{"start":{"line":234,"column":2},"end":{"line":234,"column":38}},"133":{"start":{"line":236,"column":2},"end":{"line":243,"column":3}},"134":{"start":{"line":237,"column":4},"end":{"line":237,"column":58}},"135":{"start":{"line":238,"column":4},"end":{"line":238,"column":47}},"136":{"start":{"line":239,"column":4},"end":{"line":241,"column":7}},"137":{"start":{"line":240,"column":6},"end":{"line":240,"column":43}},"138":{"start":{"line":242,"column":4},"end":{"line":242,"column":55}},"139":{"start":{"line":245,"column":2},"end":{"line":245,"column":77}},"140":{"start":{"line":247,"column":2},"end":{"line":249,"column":4}},"141":{"start":{"line":253,"column":0},"end":{"line":279,"column":2}},"142":{"start":{"line":254,"column":2},"end":{"line":257,"column":3}},"143":{"start":{"line":255,"column":4},"end":{"line":255,"column":17}},"144":{"start":{"line":256,"column":4},"end":{"line":256,"column":17}},"145":{"start":{"line":259,"column":2},"end":{"line":259,"column":26}},"146":{"start":{"line":261,"column":2},"end":{"line":263,"column":3}},"147":{"start":{"line":262,"column":4},"end":{"line":262,"column":81}},"148":{"start":{"line":265,"column":2},"end":{"line":265,"column":130}},"149":{"start":{"line":265,"column":35},"end":{"line":265,"column":130}},"150":{"start":{"line":267,"column":2},"end":{"line":267,"column":38}},"151":{"start":{"line":269,"column":2},"end":{"line":269,"column":92}},"152":{"start":{"line":271,"column":2},"end":{"line":273,"column":3}},"153":{"start":{"line":272,"column":4},"end":{"line":272,"column":54}},"154":{"start":{"line":275,"column":2},"end":{"line":277,"column":16}},"155":{"start":{"line":276,"column":4},"end":{"line":276,"column":57}},"156":{"start":{"line":281,"column":0},"end":{"line":289,"column":2}},"157":{"start":{"line":283,"column":2},"end":{"line":283,"column":46}},"158":{"start":{"line":284,"column":2},"end":{"line":286,"column":5}},"159":{"start":{"line":285,"column":4},"end":{"line":285,"column":20}},"160":{"start":{"line":287,"column":2},"end":{"line":287,"column":26}},"161":{"start":{"line":291,"column":0},"end":{"line":291,"column":33}}},"branchMap":{"1":{"line":17,"type":"binary-expr","locations":[{"start":{"line":17,"column":12},"end":{"line":17,"column":19}},{"start":{"line":17,"column":23},"end":{"line":17,"column":25}}]},"2":{"line":18,"type":"binary-expr","locations":[{"start":{"line":18,"column":16},"end":{"line":18,"column":27}},{"start":{"line":18,"column":31},"end":{"line":18,"column":55}},{"start":{"line":18,"column":59},"end":{"line":18,"column":77}}]},"3":{"line":19,"type":"binary-expr","locations":[{"start":{"line":19,"column":18},"end":{"line":19,"column":31}},{"start":{"line":19,"column":35},"end":{"line":19,"column":61}}]},"4":{"line":20,"type":"binary-expr","locations":[{"start":{"line":20,"column":25},"end":{"line":20,"column":45}},{"start":{"line":20,"column":49},"end":{"line":20,"column":60}}]},"5":{"line":21,"type":"binary-expr","locations":[{"start":{"line":21,"column":28},"end":{"line":21,"column":51}},{"start":{"line":21,"column":55},"end":{"line":21,"column":57}}]},"6":{"line":23,"type":"cond-expr","locations":[{"start":{"line":23,"column":83},"end":{"line":23,"column":87}},{"start":{"line":23,"column":90},"end":{"line":23,"column":121}}]},"7":{"line":25,"type":"binary-expr","locations":[{"start":{"line":25,"column":20},"end":{"line":25,"column":38}},{"start":{"line":25,"column":42},"end":{"line":25,"column":65}}]},"8":{"line":26,"type":"binary-expr","locations":[{"start":{"line":26,"column":24},"end":{"line":26,"column":46}},{"start":{"line":26,"column":50},"end":{"line":26,"column":52}}]},"9":{"line":30,"type":"binary-expr","locations":[{"start":{"line":30,"column":13},"end":{"line":30,"column":24}},{"start":{"line":30,"column":28},"end":{"line":30,"column":31}}]},"10":{"line":36,"type":"binary-expr","locations":[{"start":{"line":36,"column":14},"end":{"line":36,"column":27}},{"start":{"line":36,"column":31},"end":{"line":36,"column":84}}]},"11":{"line":37,"type":"cond-expr","locations":[{"start":{"line":37,"column":20},"end":{"line":37,"column":59}},{"start":{"line":37,"column":62},"end":{"line":37,"column":73}}]},"12":{"line":54,"type":"if","locations":[{"start":{"line":54,"column":6},"end":{"line":54,"column":6}},{"start":{"line":54,"column":6},"end":{"line":54,"column":6}}]},"13":{"line":54,"type":"cond-expr","locations":[{"start":{"line":54,"column":61},"end":{"line":54,"column":62}},{"start":{"line":54,"column":65},"end":{"line":54,"column":66}}]},"14":{"line":65,"type":"if","locations":[{"start":{"line":65,"column":6},"end":{"line":65,"column":6}},{"start":{"line":65,"column":6},"end":{"line":65,"column":6}}]},"15":{"line":76,"type":"if","locations":[{"start":{"line":76,"column":6},"end":{"line":76,"column":6}},{"start":{"line":76,"column":6},"end":{"line":76,"column":6}}]},"16":{"line":83,"type":"if","locations":[{"start":{"line":83,"column":4},"end":{"line":83,"column":4}},{"start":{"line":83,"column":4},"end":{"line":83,"column":4}}]},"17":{"line":88,"type":"if","locations":[{"start":{"line":88,"column":8},"end":{"line":88,"column":8}},{"start":{"line":88,"column":8},"end":{"line":88,"column":8}}]},"18":{"line":112,"type":"if","locations":[{"start":{"line":112,"column":2},"end":{"line":112,"column":2}},{"start":{"line":112,"column":2},"end":{"line":112,"column":2}}]},"19":{"line":117,"type":"if","locations":[{"start":{"line":117,"column":2},"end":{"line":117,"column":2}},{"start":{"line":117,"column":2},"end":{"line":117,"column":2}}]},"20":{"line":123,"type":"if","locations":[{"start":{"line":123,"column":2},"end":{"line":123,"column":2}},{"start":{"line":123,"column":2},"end":{"line":123,"column":2}}]},"21":{"line":137,"type":"if","locations":[{"start":{"line":137,"column":2},"end":{"line":137,"column":2}},{"start":{"line":137,"column":2},"end":{"line":137,"column":2}}]},"22":{"line":147,"type":"binary-expr","locations":[{"start":{"line":147,"column":12},"end":{"line":147,"column":19}},{"start":{"line":147,"column":23},"end":{"line":147,"column":25}}]},"23":{"line":148,"type":"if","locations":[{"start":{"line":148,"column":2},"end":{"line":148,"column":2}},{"start":{"line":148,"column":2},"end":{"line":148,"column":2}}]},"24":{"line":148,"type":"binary-expr","locations":[{"start":{"line":148,"column":7},"end":{"line":148,"column":22}},{"start":{"line":148,"column":26},"end":{"line":148,"column":62}}]},"25":{"line":152,"type":"if","locations":[{"start":{"line":152,"column":4},"end":{"line":152,"column":4}},{"start":{"line":152,"column":4},"end":{"line":152,"column":4}}]},"26":{"line":152,"type":"binary-expr","locations":[{"start":{"line":152,"column":8},"end":{"line":152,"column":11}},{"start":{"line":152,"column":15},"end":{"line":152,"column":28}}]},"27":{"line":166,"type":"if","locations":[{"start":{"line":166,"column":2},"end":{"line":166,"column":2}},{"start":{"line":166,"column":2},"end":{"line":166,"column":2}}]},"28":{"line":188,"type":"if","locations":[{"start":{"line":188,"column":2},"end":{"line":188,"column":2}},{"start":{"line":188,"column":2},"end":{"line":188,"column":2}}]},"29":{"line":193,"type":"binary-expr","locations":[{"start":{"line":193,"column":12},"end":{"line":193,"column":19}},{"start":{"line":193,"column":23},"end":{"line":193,"column":25}}]},"30":{"line":195,"type":"if","locations":[{"start":{"line":195,"column":2},"end":{"line":195,"column":2}},{"start":{"line":195,"column":2},"end":{"line":195,"column":2}}]},"31":{"line":199,"type":"if","locations":[{"start":{"line":199,"column":2},"end":{"line":199,"column":2}},{"start":{"line":199,"column":2},"end":{"line":199,"column":2}}]},"32":{"line":199,"type":"binary-expr","locations":[{"start":{"line":199,"column":6},"end":{"line":199,"column":8}},{"start":{"line":199,"column":12},"end":{"line":199,"column":33}}]},"33":{"line":203,"type":"cond-expr","locations":[{"start":{"line":203,"column":40},"end":{"line":203,"column":70}},{"start":{"line":203,"column":73},"end":{"line":203,"column":90}}]},"34":{"line":203,"type":"binary-expr","locations":[{"start":{"line":203,"column":12},"end":{"line":203,"column":31}},{"start":{"line":203,"column":35},"end":{"line":203,"column":37}}]},"35":{"line":205,"type":"if","locations":[{"start":{"line":205,"column":2},"end":{"line":205,"column":2}},{"start":{"line":205,"column":2},"end":{"line":205,"column":2}}]},"36":{"line":218,"type":"if","locations":[{"start":{"line":218,"column":2},"end":{"line":218,"column":2}},{"start":{"line":218,"column":2},"end":{"line":218,"column":2}}]},"37":{"line":230,"type":"if","locations":[{"start":{"line":230,"column":2},"end":{"line":230,"column":2}},{"start":{"line":230,"column":2},"end":{"line":230,"column":2}}]},"38":{"line":236,"type":"if","locations":[{"start":{"line":236,"column":2},"end":{"line":236,"column":2}},{"start":{"line":236,"column":2},"end":{"line":236,"column":2}}]},"39":{"line":254,"type":"if","locations":[{"start":{"line":254,"column":2},"end":{"line":254,"column":2}},{"start":{"line":254,"column":2},"end":{"line":254,"column":2}}]},"40":{"line":259,"type":"binary-expr","locations":[{"start":{"line":259,"column":12},"end":{"line":259,"column":19}},{"start":{"line":259,"column":23},"end":{"line":259,"column":25}}]},"41":{"line":261,"type":"if","locations":[{"start":{"line":261,"column":2},"end":{"line":261,"column":2}},{"start":{"line":261,"column":2},"end":{"line":261,"column":2}}]},"42":{"line":265,"type":"if","locations":[{"start":{"line":265,"column":2},"end":{"line":265,"column":2}},{"start":{"line":265,"column":2},"end":{"line":265,"column":2}}]},"43":{"line":265,"type":"binary-expr","locations":[{"start":{"line":265,"column":6},"end":{"line":265,"column":8}},{"start":{"line":265,"column":12},"end":{"line":265,"column":33}}]},"44":{"line":269,"type":"cond-expr","locations":[{"start":{"line":269,"column":41},"end":{"line":269,"column":71}},{"start":{"line":269,"column":74},"end":{"line":269,"column":91}}]},"45":{"line":269,"type":"binary-expr","locations":[{"start":{"line":269,"column":12},"end":{"line":269,"column":31}},{"start":{"line":269,"column":35},"end":{"line":269,"column":37}}]},"46":{"line":271,"type":"if","locations":[{"start":{"line":271,"column":2},"end":{"line":271,"column":2}},{"start":{"line":271,"column":2},"end":{"line":271,"column":2}}]}},"code":["var amqp = require('amqplib'),","    Bus = require('../bus'),","    Correlator = require('./correlator'),","    log = require('debug')('servicebus'),","    events = require('events'),","    extend = require('extend'),","    json = require('../formatters/json'),","    newId = require('node-uuid'),","    PubSubQueue = require('./pubsubqueue'),","    querystring = require('querystring'),","    Queue = require('./queue'),","    util = require('util');","","function RabbitMQBus (options, implOpts) {","  var self = this;","","  options = options || {};","  options.url = options.url || process.env.RABBITMQ_URL || 'amqp://localhost';","  options.vhost = options.vhost || process.env.RABBITMQ_VHOST;","  options.exchangeName = options.exchangeName || 'amq.topic';","  options.exchangeOptions = options.exchangeOptions || {};","","  this.assertQueuesOnFirstSend = (options.assertQueuesOnFirstSend === undefined) ? true : options.assertQueuesOnFirstSend;","  this.channels = [];","  this.correlator = options.correlator || new Correlator(options);","  this.delayOnStartup = options.delayOnStartup || 10;","  this.exchangeName = options.exchangeName;","  this.formatter = json;","  this.initialized = false;","  this.log = options.log || log;","  this.prefetch = options.prefetch;","  this.pubsubqueues = {};","  this.queues = {};","  this.queuesFile = options.queuesFile;","","  var vhost = options.vhost && util.format('/%s', querystring.escape(options.vhost));","  var url = vhost ? util.format('%s%s', options.url, vhost) : options.url;","","  self.log('connecting to rabbitmq on %s', url);","","  amqp.connect(url, implOpts).then(function (conn) {","","    self.connection = conn;","","    function channelError (err) {","      self.log('channel error with connection %s error: %s', options.url, err.toString());","      self.emit('error', err);","    }","","    conn.on('close', self.emit.bind(self, 'connection.close'));","    conn.on('error', self.emit.bind(self, 'connection.error'));","","    function done () {","      if (self.channels.length === (options.enableConfirms ? 3 : 2)) {","        self.initialized = true;","        self.log('connected to rabbitmq on %s', url);","        self.emit('ready');","      }","    }","","    self.connection.createChannel().then(function (channel) {","      channel.on('error', channelError);","      channel.on('close', self.emit.bind(self, 'channel.close'));","      self.sendChannel = channel;","      if (options.prefetch) {","        self.sendChannel.prefetch(options.prefetch);","      }","      self.channels.push(channel);","      done();","    });","","    self.connection.createChannel().then(function (channel) {","      channel.on('error', channelError);","      channel.on('close', self.emit.bind(self, 'channel.close'));","      self.listenChannel = channel;","      if (options.prefetch) {","        self.listenChannel.prefetch(options.prefetch);","      }","      self.channels.push(channel);","      done();","    });","","    if (options.enableConfirms) {","      self.connection.createConfirmChannel().then(function (channel) {","        channel.on('error', channelError);","        channel.on('close', self.emit.bind(self, 'channel.close'));","        self.confirmChannel = channel;","        if (options.prefetch) {","          self.confirmChannel.prefetch(options.prefetch);","        }","        self.channels.push(channel);","        done();","      });","    }","","  }).catch(function (err) {","    self.log('error connecting to rabbitmq: %s', err);","    self.emit('error', err);","  });","","  Bus.call(this);","}","","util.inherits(RabbitMQBus, Bus);","","RabbitMQBus.prototype.listen = function listen (queueName, options, callback) {","","  var self = this;","","  this.log('listen on queue %j', queueName);","","  if (typeof options === \"function\") {","    callback = opti
[...]
"11":[0,0],"12":[0,0],"13":[0,0],"14":[0,0],"15":[0,0],"16":[0,0],"17":[0,0],"18":[0,0],"19":[0,0],"20":[0,0],"21":[0,0],"22":[0,0],"23":[0,0],"24":[0,0],"25":[0,0],"26":[0,0],"27":[0,0],"28":[0,0,0,0],"29":[0,0],"30":[0,0]},"f":{"1":0,"2":0,"3":0,"4":0,"5":0,"6":0,"7":0,"8":0,"9":0,"10":0,"11":0,"12":0,"13":0},"fnMap":{"1":{"name":"Queue","line":5,"loc":{"start":{"line":5,"column":0},"end":{"line":5,"column":25}}},"2":{"name":"(anonymous_2)","line":46,"loc":{"start":{"line":46,"column":75},"end":{"line":46,"column":91}}},"3":{"name":"(anonymous_3)","line":53,"loc":{"start":{"line":53,"column":14},"end":{"line":53,"column":30}}},"4":{"name":"(anonymous_4)","line":61,"loc":{"start":{"line":61,"column":13},"end":{"line":61,"column":28}}},"5":{"name":"listen","line":71,"loc":{"start":{"line":71,"column":25},"end":{"line":71,"column":61}}},"6":{"name":"(anonymous_6)","line":83,"loc":{"start":{"line":83,"column":45},"end":{"line":83,"column":64}}},"7":{"name":"(anonymous_7)","line":95,"loc":{"start":{"line":95,"column":66},"end":{"line":95,"column":103}}},"8":{"name":"(anonymous_8)","line":111,"loc":{"start":{"line":111,"column":10},"end":{"line":111,"column":24}}},"9":{"name":"destroy","line":119,"loc":{"start":{"line":119,"column":26},"end":{"line":119,"column":53}}},"10":{"name":"(anonymous_10)","line":124,"loc":{"start":{"line":124,"column":10},"end":{"line":124,"column":24}}},"11":{"name":"unlisten","line":133,"loc":{"start":{"line":133,"column":27},"end":{"line":133,"column":48}}},"12":{"name":"(anonymous_12)","line":139,"loc":{"start":{"line":139,"column":12},"end":{"line":139,"column":31}}},"13":{"name":"send","line":152,"loc":{"start":{"line":152,"column":23},"end":{"line":152,"column":58}}}},"statementMap":{"1":{"start":{"line":1,"column":0},"end":{"line":1,"column":50}},"2":{"start":{"line":2,"column":0},"end":{"line":2,"column":31}},"3":{"start":{"line":3,"column":0},"end":{"line":3,"column":27}},"4":{"start":{"line":5,"column":0},"end":{"line":67,"column":1}},"5":{"start":{"line":6,"column":2},"end":{"line":6,"column":26}},"6":{"start":{"line":7,"column":2},"end":{"line":7,"column":48}},"7":{"start":{"line":9,"column":2},"end":{"line":15,"column":5}},"8":{"start":{"line":17,"column":2},"end":{"line":17,"column":50}},"9":{"start":{"line":18,"column":2},"end":{"line":18,"column":86}},"10":{"start":{"line":19,"column":2},"end":{"line":19,"column":25}},"11":{"start":{"line":20,"column":2},"end":{"line":20,"column":47}},"12":{"start":{"line":21,"column":2},"end":{"line":21,"column":53}},"13":{"start":{"line":22,"column":2},"end":{"line":22,"column":37}},"14":{"start":{"line":23,"column":2},"end":{"line":23,"column":27}},"15":{"start":{"line":24,"column":2},"end":{"line":24,"column":25}},"16":{"start":{"line":25,"column":2},"end":{"line":25,"column":45}},"17":{"start":{"line":26,"column":2},"end":{"line":26,"column":25}},"18":{"start":{"line":27,"column":2},"end":{"line":27,"column":44}},"19":{"start":{"line":28,"column":2},"end":{"line":28,"column":37}},"20":{"start":{"line":29,"column":2},"end":{"line":29,"column":35}},"21":{"start":{"line":30,"column":2},"end":{"line":30,"column":21}},"22":{"start":{"line":31,"column":2},"end":{"line":31,"column":39}},"23":{"start":{"line":32,"column":2},"end":{"line":32,"column":41}},"24":{"start":{"line":34,"column":2},"end":{"line":34,"column":26}},"25":{"start":{"line":36,"column":2},"end":{"line":36,"column":33}},"26":{"start":{"line":38,"column":2},"end":{"line":38,"column":18}},"27":{"start":{"line":40,"column":2},"end":{"line":40,"column":49}},"28":{"start":{"line":42,"column":2},"end":{"line":65,"column":3}},"29":{"start":{"line":43,"column":4},"end":{"line":43,"column":28}},"30":{"start":{"line":44,"column":4},"end":{"line":44,"column":23}},"31":{"start":{"line":46,"column":4},"end":{"line":64,"column":7}},"32":{"start":{"line":47,"column":6},"end":{"line":60,"column":7}},"33":{"start":{"line":48,"column":8},"end":{"line":48,"column":66}},"34":{"start":{"line":49,"column":8},"end":{"line":51,"column":11}},"35":{"start":{"line":52,"column":8},"end":{"line":56,"column":11}},"36":{"start":{"line":54,"column":10},"end":{"line":54,"column":34}},"37":{"start":{"line":55,"column":10},"end":{"line":55,"column":29}},"38":{"start":{"line":58,"column":8},"end":{"line":58,"column":32}},"39":{"start":{"line":59,"column":8},"end":{"line":59,"column":27}},"40":{"start":{"line":62,"column":6},"end":{"line":62,"column":93}},"41":{"start":{"line":63,"column":6},"end":{"line":63,"column":30}},"42":{"start":{"line":69,"column":0},"end":{"line":69,"column":35}},"43":{"start":{"line":71,"column":0},"end":{"line":117,"column":2}},"44":{"start":{"line":72,"column":2},"end":{"line":72,"column":26}},"45":{"start":{"line":73,"column":2},"end":{"line":73,"column":44}},"46":{"start":{"line":75,"column":2},"end":{"line":75,"column":18}},"47":{"start":{"line":77,"column":2},"end":{"line":77,"column":52}},"48":{"start":{"line":79,"column":2},"end":{"line":81,"column":3}},"49":{"start":{"line":80,"column":4},"end":{"line":80,"column":66}},"50":{"start":{"line":83,"column":2},"end":{"line":115,"column":7}},"51":{"start":{"line":90,"column":4},"end":{"line":92,"column":5}},"52":{"start":{"line":91,"column":6},"end":{"line":91,"column":13}},"53":{"start":{"line":93,"column":4},"end":{"line":93,"column":69}},"54":{"start":{"line":94,"column":4},"end":{"line":94,"column":32}},"55":{"start":{"line":95,"column":4},"end":{"line":109,"column":7}},"56":{"start":{"line":100,"column":6},"end":{"line":108,"column":7}},"57":{"start":{"line":101,"column":8},"end":{"line":101,"column":43}},"58":{"start":{"line":103,"column":8},"end":{"line":107,"column":9}},"59":{"start":{"line":104,"column":10},"end":{"line":104,"column":44}},"60":{"start":{"line":106,"column":10},"end":{"line":106,"column":34}},"61":{"start":{"line":112,"column":6},"end":{"line":112,"column":28}},"62":{"start":{"line":113,"column":6},"end":{"line":113,"column":58}},"63":{"start":{"line":114,"column":6},"end":{"line":114,"column":29}},"64":{"start":{"line":119,"column":0},"end":{"line":131,"column":2}},"65":{"start":{"line":120,"column":2},"end":{"line":120,"column":26}},"66":{"start":{"line":121,"column":2},"end":{"line":121,"column":30}},"67":{"start":{"line":122,"column":2},"end":{"line":122,"column":48}},"68":{"start":{"line":123,"column":2},"end":{"line":126,"column":7}},"69":{"start":{"line":125,"column":6},"end":{"line":125,"column":25}},"70":{"start":{"line":127,"column":2},"end":{"line":129,"column":3}},"71":{"start":{"line":128,"column":4},"end":{"line":128,"column":75}},"72":{"start":{"line":130,"column":2},"end":{"line":130,"column":12}},"73":{"start":{"line":133,"column":0},"end":{"line":150,"column":2}},"74":{"start":{"line":134,"column":2},"end":{"line":134,"column":30}},"75":{"start":{"line":135,"column":2},"end":{"line":135,"column":18}},"76":{"start":{"line":137,"column":2},"end":{"line":147,"column":3}},"77":{"start":{"line":138,"column":4},"end":{"line":144,"column":7}},"78":{"start":{"line":140,"column":6},"end":{"line":140,"column":31}},"79":{"start":{"line":141,"column":6},"end":{"line":141,"column":29}},"80":{"start":{"line":142,"column":6},"end":{"line":142,"column":40}},"81":{"start":{"line":143,"column":6},"end":{"line":143,"column":25}},"82":{"start":{"line":146,"column":4},"end":{"line":146,"column":46}},"83":{"start":{"line":149,"column":2},"end":{"line":149,"column":12}},"84":{"start":{"line":152,"column":0},"end":{"line":167,"column":2}},"85":{"start":{"line":153,"column":2},"end":{"line":153,"column":26}},"86":{"start":{"line":154,"column":2},"end":{"line":154,"column":18}},"87":{"start":{"line":156,"column":2},"end":{"line":158,"column":3}},"88":{"start":{"line":157,"column":4},"end":{"line":157,"column":65}},"89":{"start":{"line":160,"column":2},"end":{"line":160,"column":64}},"90":{"start":{"line":161,"column":2},"end":{"line":161,"column":101}},"91":{"start":{"line":163,"column":2},"end":{"line":163,"column":60}},"92":{"start":{"line":165,"column":2},"end":{"line":165,"column":118}},"93":{"start":{"line":169,"column":0},"end":{"line":169,"column":23}}},"branchMap":{"1":{"line":6,"type":"binary-expr","locations":[{"start":{"line":6,"column":12},"end":{"line":6,"column":19}},{"start":{"line":6,"column":23},"end":{"line":6,"column":25}}]},"2":{"line":7,"type":"binary-expr","locations":[{"start":{"line":7,"column":21},"end":{"line":7,"column":41}},{"start":{"line":7,"column":45},"end":{"line":7,"column":47}}]},"3":{"line":10,"type":"binary-expr","locations":[{"start":{"line":10,"column":16},"end":{"line":10,"column":34}},{"start":{"line":10,"column":38},"end":{"line":10,"column":76}}]},"4":{"line":10,"type":"binary-expr","locations":[{"start":{"line":10,"column":41},"end":{"line":10,"column":52}},{"start":{"line":10,"column":56},"end":{"line":10,"column":75}}]},"5":{"line":11,"type":"binary-expr","locations":[{"start":{"line":11,"column":17},"end":{"line":11,"column":36}},{"start":{"line":11,"column":40},"end":{"line":11,"column":58}}]},"6":{"line":12,"type":"binary-expr","locations":[{"start":{"line":12,"column":21},"end":{"line":12,"column":32}},{"start":{"line":12,"column":36},"end":{"line":12,"column":55}}]},"7":{"line":13,"type":"binary-expr","locations":[{"start":{"line":13,"column":15},"end":{"line":13,"column":32}},{"start":{"line":13,"column":36},"end":{"line":13,"column":41}}]},"8":{"line":14,"type":"binary-expr","locations":[{"start":{"line":14,"column":24},"end":{"line":14,"column":35}},{"start":{"line":14,"column":39},"end":{"line":14,"column":58}},{"start":{"line":14,"column":62},"end":{"line":14,"column":80}}]},"9":{"line":17,"type":"binary-expr","locations":[{"start":{"line":17,"column":14},"end":{"line":17,"column":25}},{"start":{"line":17,"column":29},"end":{"line":17,"column":48}}]},"10":{"line":18,"type":"cond-expr","locations":[{"start":{"line":18,"column":59},"end":{"line":18,"column":63}},{"start":{"line":18,"column":66},"end":{"line":18,"column":85}}]},"11":{"line":27,"type":"binary-expr","locations":[{"start":{"line":27,"column":20},"end":{"line":27,"column":38}},{"start":{"line":27,"column":42},"end":{"line":27,"column":43}}]},"12":{"line":42,"type":"if","locations":[{"start":{"line":42,"column":2},"end":{"line":42,"column":2}},{"start":{"line":42,"column":2},"end":{"line":42,"column":2}}]},"13":{"line":47,"type":"if","locations":[{"start":{"line":47,"column":6},"end":{"line":47,"column":6}},{"start":{"line":47,"column":6},"end":{"line":47,"column":6}}]},"14":{"line":50,"type":"binary-expr","locations":[{"start":{"line":50,"column":22},"end":{"line":50,"column":50}},{"start":{"line":50,"column":54},"end":{"line":50,"column":59}}]},"15":{"line":72,"type":"binary-expr","locations":[{"start":{"line":72,"column":12},"end":{"line":72,"column":19}},{"start":{"line":72,"column":23},"end":{"line":72,"column":25}}]},"16":{"line":73,"type":"binary-expr","locations":[{"start":{"line":73,"column":17},"end":{"line":73,"column":37}},{"start":{"line":73,"column":41},"end":{"line":73,"column":43}}]},"17":{"line":79,"type":"if","locations":[{"start":{"line":79,"column":2},"end":{"line":79,"column":2}},{"start":{"line":79,"column":2},"end":{"line":79,"column":2}}]},"18":{"line":90,"type":"if","locations":[{"start":{"line":90,"column":4},"end":{"line":90,"column":4}},{"start":{"line":90,"column":4},"end":{"line":90,"column":4}}]},"19":{"line":103,"type":"if","locations":[{"start":{"line":103,"column":8},"end":{"line":103,"column":8}},{"start":{"line":103,"column":8},"end":{"line":103,"column":8}}]},"20":{"line":103,"type":"binary-expr","locations":[{"start":{"line":103,"column":12},"end":{"line":103,"column":26}},{"start":{"line":103,"column":30},"end":{"line":103,"column":63}}]},"21":{"line":120,"type":"binary-expr","locations":[{"start":{"line":120,"column":12},"end":{"line":120,"column":19}},{"start":{"line":120,"column":23},"end":{"line":120,"column":25}}]},"22":{"line":127,"type":"if","locations":[{"start":{"line":127,"column":2},"end":{"line":127,"column":2}},{"start":{"line":127,"column":2},"end":{"line":127,"column":2}}]},"23":{"line":127,"type":"binary-expr","locations":[{"start":{"line":127,"column":6},"end":{"line":127,"column":25}},{"start":{"line":127,"column":29},"end":{"line":127,"column":37}}]},"24":{"line":137,"type":"if","locations":[{"start":{"line":137,"column":2},"end":{"line":137,"column":2}},{"start":{"line":137,"column":2},"end":{"line":137,"column":2}}]},"25":{"line":153,"type":"binary-expr","locations":[{"start":{"line":153,"column":12},"end":{"line":153,"column":19}},{"start":{"line":153,"column":23},"end":{"line":153,"column":25}}]},"26":{"line":156,"type":"if","locations":[{"start":{"line":156,"column":2},"end":{"line":156,"column":2}},{"start":{"line":156,"column":2},"end":{"line":156,"column":2}}]},"27":{"line":160,"type":"binary-expr","locations":[{"start":{"line":160,"column":24},"end":{"line":160,"column":43}},{"start":{"line":160,"column":47},"end":{"line":160,"column":63}}]},"28":{"line":161,"type":"binary-expr","locations":[{"start":{"line":161,"column":31},"end":{"line":161,"column":42}},{"start":{"line":161,"column":46},"end":{"line":161,"column":65}},{"start":{"line":161,"column":69},"end":{"line":161,"column":87}},{"start":{"line":161,"column":91},"end":{"line":161,"column":99}}]},"29":{"line":163,"type":"cond-expr","locations":[{"start":{"line":163,"column":21},"end":{"line":163,"column":40}},{"start":{"line":163,"column":43},"end":{"line":163,"column":59}}]},"30":{"line":165,"type":"binary-expr","locations":[{"start":{"line":165,"column":22},"end":{"line":165,"column":37}},{"start":{"line":165,"column":41},"end":{"line":165,"column":55}}]}},"code":["var EventEmitter = require('events').EventEmitter;","var extend = require('extend');","var util = require('util');","","function Queue (options) {","  options = options || {};","  var queueOptions = options.queueOptions || {};","","  extend(queueOptions, {","    autoDelete: options.autoDelete || ! (options.ack || options.acknowledge),","    contentType: options.contentType || 'application/json',","    durable: Boolean(options.ack || options.acknowledge),","    exclusive: options.exclusive || false,","    persistent: Boolean(options.ack || options.acknowledge || options.persistent)","  });","","  this.ack = (options.ack || options.acknowledge);","  this.assertQueue = (options.assertQueue === undefined) ? true : options.assertQueue;","  this.bus = options.bus;","  this.confirmChannel = options.confirmChannel;","  this.errorQueueName = options.queueName + '.error';","  this.formatter = options.formatter;","  this.initialized = false;","  this.listening = false;","  this.listenChannel = options.listenChannel;","  this.log = options.log;","  this.maxRetries = options.maxRetries || 3;","  this.queueName = options.queueName;","  this.queueOptions = queueOptions;","  this.rejected = {};","  this.routingKey = options.routingKey;","  this.sendChannel = options.sendChannel;","","  EventEmitter.call(this);","","  this.setMaxListeners(Infinity);","","  var self = this;","","  this.log('asserting queue %s', this.queueName);","","  if ( ! this.assertQueue) {","    self.initialized = true;","    self.emit('ready');","  } else {","    this.listenChannel.assertQueue(this.queueName, this.queueOptions).then(function (_qok) {","      if (self.ack) {","        self.log('asserting error queue %s', self.errorQueueName);","        var errorQueueOptions = extend(self.queueOptions, {","          autoDelete: options.autoDeleteErrorQueue || false","        });","        self.listenChannel.assertQueue(self.errorQueueName, self.queueOptions)","        .then(function (_qok) {","          self.initialized = true;","          self.emit('ready');","        });","      } else {","        self.initialized = true;","        self.emit('ready');","      }","    }).catch(function (err) {","      self.log('error connecting to queue %s. error: %s', options.queueName, err.toString());","      self.emit('error', err);","    });","  }","","}","","util.inherits(Queue, EventEmitter);","","Queue.prototype.listen = function listen (callback, options) {","  options = options || {};","  queueOptions = options.queueOptions || {};","","  var self = this;","","  this.log('listening to queue %j', this.queueName);","","  if ( ! this.initialized) {","    return this.on('ready', listen.bind(this, callback, options));","  }","","  this.listenChannel.consume(this.queueName, function (message) {","    /*","        Note from http://www.squaremobius.net/amqp.node/doc/channel_api.html","        & http://www.rabbitmq.com/consumer-cancel.html:","","        If the consumer is cancelled by RabbitMQ, the message callback will be invoked with null.","      */","    if (message === null) {","      return;","    }","    message.content = options.formatter.deserialize(message.content);","    options.queueType = 'queue';","    self.bus.handleIncoming(self.listenChannel, message, options, function (channel, message, options) {","      // amqplib intercepts errors and closes connections before bubbling up","      // to domain error handlers when they occur non-asynchronously within","      // callback. Therefore, if there is a process domain, we try-catch to","      // redirect the error, assuming the domain creator's intentions.","      try {","        callback(message.content, message);","      } catch (err) {","        if (process.domain && process.domain.listeners('error')) {","          process.domain.emit('error', err);","        } else {","          self.emit('error', err);","        }","      }","    });","  }, { noAck: ! self.ack })","    .then(function (ok) {","      self.listening = true;","      self.subscription = { consumerTag: ok.consumerTag };","      self.emit('listening');","    });","","};","","Queue.prototype.destroy = function destroy (options) {","  options = options || {};","  var em = new EventEmitter();","  this.log('deleting queue %s', this.queueName);","  this.listenChannel.deleteQueue(this.queueName)","    .then(function (ok) {","      em.emit('success');","    });","  if (this.errorQueueName && this.ack) {","    this.listenChannel.deleteQueue(this.errorQueueName, { ifEmpty: true });","  }","  return em;","};","","Queue.prototype.unlisten = function unlisten () {","  var em = new EventEmitter();","  var self = this;","","  if (this.listening) {","    this.listenChannel.cancel(this.subscription.consumerTag)","      .then(function (err, ok) {","      delete self.subscription;","      self.listening = false;","      self.bus.emit('unlistened', self);","      em.emit('success');","    });","  } else {","    this.on('listening', unlisten.bind(this));","  }","","  return em;","};","","Queue.prototype.send = function send (event, options, cb) {","  options = options || {};","  var self = this;","","  if ( ! this.initialized) {","    return this.on('ready', send.bind(this, event, options, cb));","  }","","  options.contentType = options.contentType || this.contentType;","  options.persistent = Boolean(options.ack || options.acknowledge || options.persistent || self.ack);","","  var channel = cb ? this.confirmChannel : this.sendChannel;","","  channel.sendToQueue(this.routingKey || this.queueName, new Buffer(options.formatter.serialize(event)), options, cb);","","};","","module.exports = Queue;",""],"l":{"1":1,"2":1,"3":1,"5":1,"6":0,"7":0,"9":0,"17":0,"18":0,"19":0,"20":0,"21":0,"22":0,"23":0,"24":0,"25":0,"26":0,"27":0,"28":0,"29":0,"30":0,"31":0,"32":0,"34":0,"36":0,"38":0,"40":0,"42":0,"43":0,"44":0,"46":0,"47":0,"48":0,"49":0,"52":0,"54":0,"55":0,"58":0,"59":0,"62":0,"63":0,"69":1,"71":1,"72":0,"73":0,"75":0,"77":0,"79":0,"80":0,"83":0,"90":0,"91":0,"93":0,"94":0,"95":0,"100":0,"101":0,"103":0,"104":0,"106":0,"112":0,"113":0,"114":0,"119":1,"120":0,"121":0,"122":0,"123":0,"125":0,"127":0,"128":0,"130":0,"133":1,"134":0,"135":0,"137":0,"138":0,"140":0,"141":0,"142":0,"143":0,"146":0,"149":0,"152":1,"153":0,"154":0,"156":0,"157":0,"160":0,"161":0,"163":0,"165":0,"169":1}}}